#
# A fatal error has been detected by the Java Runtime Environment:
#
#  EXCEPTION_ACCESS_VIOLATION (0xc0000005) at pc=0x00000222ea1238af, pid=18032, tid=12388
#
# JRE version: Java(TM) SE Runtime Environment (23.0.1+11) (build 23.0.1+11-39)
# Java VM: Java HotSpot(TM) 64-Bit Server VM (23.0.1+11-39, mixed mode, emulated-client, sharing, tiered, compressed oops, compressed class ptrs, g1 gc, windows-amd64)
# Problematic frame:
# v  ~MethodHandlesAdapterBlob 0x00000222ea1238af
#
# No core dump will be written. Minidumps are not enabled by default on client versions of Windows
#
# If you would like to submit a bug report, please visit:
#   https://bugreport.java.com/bugreport/crash.jsp
#

---------------  S U M M A R Y ------------

Command Line: -XX:+ShowCodeDetailsInExceptionMessages -agentlib:jdwp=transport=dt_socket,suspend=y,address=localhost:57146 -Dcom.sun.management.jmxremote -Dcom.sun.management.jmxremote.port=57145 -Dcom.sun.management.jmxremote.authenticate=false -Dcom.sun.management.jmxremote.ssl=false -Djava.rmi.server.hostname=localhost -Dspring.jmx.enabled=true -Dmanagement.endpoints.jmx.exposure.include=* -Dspring.application.admin.enabled=true -XX:TieredStopAtLevel=1 -Dspring.boot.project.name=glowfoxmanagement -javaagent:C:\Users\Rakes\.eclipse\org.eclipse.platform_4.33.0_856254806_win32_win32_x86_64\configuration\org.eclipse.osgi\271\0\.cp\lib\javaagent-shaded.jar -Dfile.encoding=UTF-8 -Dstdout.encoding=UTF-8 -Dstderr.encoding=UTF-8 com.glowfox.app.Application --spring.output.ansi.enabled=always

Host: AMD Ryzen 3 7330U with Radeon Graphics         , 8 cores, 5G,  Windows 11 , 64 bit Build 22621 (10.0.22621.3958)
Time: Thu Oct 24 01:09:44 2024 India Standard Time elapsed time: 110.131229 seconds (0d 0h 1m 50s)

---------------  T H R E A D  ---------------

Current thread (0x00000222c749afd0):  JavaThread "http-nio-8080-exec-5" daemon [_thread_in_Java, id=12388, stack(0x0000005f38600000,0x0000005f38700000) (1024K)]

Stack: [0x0000005f38600000,0x0000005f38700000],  sp=0x0000005f386fd918,  free space=1014k
Native frames: (J=compiled Java code, j=interpreted, Vv=VM code, C=native code)
C  0x00000222ea1238af  (no source info available)

The last pc belongs to _linkToVirtual (printed below).

siginfo: EXCEPTION_ACCESS_VIOLATION (0xc0000005), reading address 0xffffffffffffffff


Registers:
RAX=0x00000222ea0f9453, RBX=0x00000000a40dc068, RCX=0xfffffffffffffff7, RDX=0x0000000000000002
RSP=0x0000005f386fd918, RBP=0x0000005f386fd968, RSI=0x00000222c513d198, RDI=0x00000222c58d79a0
R8 =0x0000000000000004, R9 =0x0000000000000004, R10=0x00007ffcc0f63560, R11=0x00000222801e36d8
R12=0x0000000000000000, R13=0x0000005f386fd918, R14=0x0000005f386fd988, R15=0x00000222c749afd0
RIP=0x00000222ea1238af, EFLAGS=0x0000000000010202


Register to memory mapping:

RAX=0x00000222ea0f9453 is at code_begin+4499 in an Interpreter codelet
return entry points  [0x00000222ea0f82c0, 0x00000222ea0fa1c8]  7944 bytes
RBX=0x00000000a40dc068 is an oop: com.glowfox.app.controller.ClassController 
{0x00000000a40dc068} - klass: 'com/glowfox/app/controller/ClassController'
 - ---- fields (total size 2 words):
 - private final 'classService' 'Lcom/glowfox/app/services/ClassService;' @12  a 'com/glowfox/app/services/ClassService'{0x00000000a40dc078} (0xa40dc078)
RCX=0xfffffffffffffff7 is an unknown value
RDX=0x0000000000000002 is an unknown value
RSP=0x0000005f386fd918 is pointing into the stack for thread: 0x00000222c749afd0
RBP=0x0000005f386fd968 is pointing into the stack for thread: 0x00000222c749afd0
RSI=0x00000222c513d198 points into unknown readable memory: 0x00000000000003e5 | e5 03 00 00 00 00 00 00
RDI=0x00000222c58d79a0 points into unknown readable memory: 0x0000001800000060 | 60 00 00 00 18 00 00 00
R8 =0x0000000000000004 is an unknown value
R9 =0x0000000000000004 is an unknown value
R10=0x00007ffcc0f63560 jvm.dll
R11={method} {0x00000222801e36e0} 'invokeVirtual' '(Ljava/lang/Object;Ljava/lang/Object;)Ljava/lang/Object;' in 'java/lang/invoke/DirectMethodHandle$Holder'
R12=0x0 is null
R13=0x0000005f386fd918 is pointing into the stack for thread: 0x00000222c749afd0
R14=0x0000005f386fd988 is pointing into the stack for thread: 0x00000222c749afd0
R15=0x00000222c749afd0 is a thread

Top of Stack: (sp=0x0000005f386fd918)
0x0000005f386fd918:   00000222ea0f9453 fffffffffffffff7
0x0000005f386fd928:   00000222807efe72 0000000000000004
0x0000005f386fd938:   00000222801e1d88 0000005f386fdaf8
0x0000005f386fd948:   00000000a28ea9a0 00000222801e36d8
0x0000005f386fd958:   fffffffffffffff6 0000005f386fd990
0x0000005f386fd968:   0000005f386fdc90 00000222ea780608
0x0000005f386fd978:   00000000a7f07a60 00000000a40dc068
0x0000005f386fd988:   00000000a7f07bf0 0000005f386fc810
0x0000005f386fd998:   00007ffcc04819d9 0000005f386fc5e9
0x0000005f386fd9a8:   00000000a7f07dc0 00000000a40dc068
0x0000005f386fd9b8:   00000000a7f07d70 00000000a7f07bf0
0x0000005f386fd9c8:   00000000a40dc068 00000222ea780544
0x0000005f386fd9d8:   0000005f386fe524 0000005f386fdc90
0x0000005f386fd9e8:   00000222ea9bb3da 0000000000000000
0x0000005f386fd9f8:   0000000000000000 00000000c4880690
0x0000005f386fda08:   0000000000000000 0000000000000000
0x0000005f386fda18:   00000000c481ccf0 0000005f386fdc90
0x0000005f386fda28:   00000222ea4f67bc 0000000000000000
0x0000005f386fda38:   00000000c23758c0 0000005f386fc850
0x0000005f386fda48:   00007ffcc0483c6a 0000005f386fc670
0x0000005f386fda58:   0000000000000c00 0000000000000000
0x0000005f386fda68:   0000000000000000 0000000000000000
0x0000005f386fda78:   0000000000000000 0000000000000000
0x0000005f386fda88:   0000000000000000 0000000000000000
0x0000005f386fda98:   0000000000000000 00000000a7f07de8
0x0000005f386fdaa8:   00000000a5726ee8 00000000a40dc068
0x0000005f386fdab8:   00000000a3261f48 00000000a3261f48
0x0000005f386fdac8:   0000002800000001 00000000a7f07978
0x0000005f386fdad8:   00000000a7f07978 0000000000000037
0x0000005f386fdae8:   0000000000000000 0000005f386fdb00
0x0000005f386fdaf8:   0000000000000000 0000005f386fdc90
0x0000005f386fdb08:   00000000a7f07dc0 0000000000000000 

Instructions: (pc=0x00000222ea1238af)
0x00000222ea1237af:   00 00 00 00 00 00 00 00 00 00 00 00 00 00 00 00
0x00000222ea1237bf:   00 00 00 00 00 00 00 00 00 00 00 00 00 00 00 00
0x00000222ea1237cf:   00 00 00 00 00 00 00 00 00 00 00 00 00 00 00 00
0x00000222ea1237df:   00 00 00 00 00 00 00 00 00 00 00 00 00 00 00 00
0x00000222ea1237ef:   00 00 00 00 00 00 00 00 00 00 00 00 00 00 00 00
0x00000222ea1237ff:   00 22 00 00 00 01 00 00 00 b0 db cb c0 fc 7f 00
0x00000222ea12380f:   00 00 00 00 00 00 00 00 00 e0 db cb c0 fc 7f 00
0x00000222ea12381f:   00 b8 10 00 00 00 00 00 00 38 00 00 00 38 00 00
0x00000222ea12382f:   00 b8 10 00 00 00 00 00 00 38 00 ff ff 05 00 00
0x00000222ea12383f:   00 f4 66 66 66 0f 1f 84 00 00 00 00 00 66 66 0f
0x00000222ea12384f:   1f 84 00 00 00 00 00 66 66 0f 1f 84 00 00 00 00
0x00000222ea12385f:   00 48 8b 53 08 0f b7 52 2e 48 8b 0c d4 8b 59 14
0x00000222ea12386f:   8b 5b 28 8b 5b 24 48 8b 5b 10 48 85 db 0f 84 10
0x00000222ea12387f:   00 00 00 41 80 bf e0 05 00 00 00 74 03 ff 63 38
0x00000222ea12388f:   ff 63 50 e9 c9 16 00 00 66 0f 1f 84 00 00 00 00
0x00000222ea12389f:   00 48 8b 53 08 0f b7 52 2e 48 8b 0c d4 58 5b 50
0x00000222ea1238af:   44 8b 51 08 49 bb 00 00 00 80 22 02 00 00 4d 03
0x00000222ea1238bf:   d3 4c 8b 5b 10 4b 8b 9c da d0 01 00 00 48 85 db
0x00000222ea1238cf:   0f 84 10 00 00 00 41 80 bf e0 05 00 00 00 74 03
0x00000222ea1238df:   ff 63 38 ff 63 50 e9 76 16 00 00 66 66 66 0f 1f
0x00000222ea1238ef:   84 00 00 00 00 00 66 66 66 0f 1f 84 00 00 00 00
0x00000222ea1238ff:   00 58 5b 50 8b 5b 24 48 8b 5b 10 48 85 db 0f 84
0x00000222ea12390f:   10 00 00 00 41 80 bf e0 05 00 00 00 74 03 ff 63
0x00000222ea12391f:   38 ff 63 50 e9 38 16 00 00 66 66 66 0f 1f 84 00
0x00000222ea12392f:   00 00 00 00 0f 1f 80 00 00 00 00 66 0f 1f 44 00
0x00000222ea12393f:   00 48 8b 53 08 0f b7 52 2e 48 8b 0c d4 58 5b 50
0x00000222ea12394f:   48 3b 01 8b 5b 24 48 8b 5b 10 48 85 db 0f 84 10
0x00000222ea12395f:   00 00 00 41 80 bf e0 05 00 00 00 74 03 ff 63 38
0x00000222ea12396f:   ff 63 50 e9 e9 15 00 00 66 0f 1f 84 00 00 00 00
0x00000222ea12397f:   00 48 8b 53 08 0f b7 52 2e 48 8b 0c d4 58 5b 50
0x00000222ea12398f:   44 8b 51 08 49 bb 00 00 00 80 22 02 00 00 4d 03
0x00000222ea12399f:   d3 8b 43 18 48 8b 40 10 48 8b 5b 10 45 8b 9a ac 


Stack slot to memory mapping:

stack at sp + 0 slots: 0x00000222ea0f9453 is at code_begin+4499 in an Interpreter codelet
return entry points  [0x00000222ea0f82c0, 0x00000222ea0fa1c8]  7944 bytes
stack at sp + 1 slots: 0xfffffffffffffff7 is an unknown value
stack at sp + 2 slots: 0x00000222807efe72 is pointing into metadata
stack at sp + 3 slots: 0x0000000000000004 is an unknown value
stack at sp + 4 slots: 0x00000222801e1d88 is pointing into metadata
stack at sp + 5 slots: 0x0000005f386fdaf8 is pointing into the stack for thread: 0x00000222c749afd0
stack at sp + 6 slots: 0x00000000a28ea9a0 is an oop: java.lang.Class 
{0x00000000a28ea9a0} - klass: 'java/lang/Class'
 - ---- fields (total size 14 words):
 - private volatile transient 'classRedefinedCount' 'I' @12  0 (0x00000000)
 - injected 'klass' 'J' @16  2347201600384 (0x00000222801e1b80)
 - injected 'array_klass' 'J' @24  0 (0x0000000000000000)
 - injected 'oop_size' 'I' @32  14 (0x0000000e)
 - injected 'static_oop_field_count' 'I' @36  0 (0x00000000)
 - private volatile transient 'cachedConstructor' 'Ljava/lang/reflect/Constructor;' @40  null (0x00000000)
 - private transient 'name' 'Ljava/lang/String;' @44  null (0x00000000)
 - private transient 'module' 'Ljava/lang/Module;' @48  a 'java/lang/Module'{0x00000000a28b0ff8} (0xa28b0ff8)
 - private final 'classLoader' 'Ljava/lang/ClassLoader;' @52  null (0x00000000)
 - private transient 'classData' 'Ljava/lang/Object;' @56  null (0x00000000)
 - private transient 'packageName' 'Ljava/lang/String;' @60  null (0x00000000)
 - private final 'componentType' 'Ljava/lang/Class;' @64  null (0x00000000)
 - private volatile transient 'reflectionData' 'Ljava/lang/ref/SoftReference;' @68  null (0x00000000)
 - private volatile transient 'genericInfo' 'Lsun/reflect/generics/repository/ClassRepository;' @72  null (0x00000000)
 - private volatile transient 'enumConstants' '[Ljava/lang/Object;' @76  null (0x00000000)
 - private volatile transient 'enumConstantDirectory' 'Ljava/util/Map;' @80  null (0x00000000)
 - private volatile transient 'annotationData' 'Ljava/lang/Class$AnnotationData;' @84  null (0x00000000)
 - private volatile transient 'annotationType' 'Lsun/reflect/annotation/AnnotationType;' @88  null (0x00000000)
 - transient 'classValueMap' 'Ljava/lang/ClassValue$ClassValueMap;' @92  null (0x00000000)
 - injected 'protection_domain' 'Ljava/lang/Object;' @96  null (0x00000000)
 - injected 'signers_name' 'Ljava/lang/Object;' @100  null (0x00000000)
 - injected 'source_file' 'Ljava/lang/Object;' @104  null (0x00000000)
 - signature: Ljava/lang/invoke/DirectMethodHandle$Holder;
 - ---- static fields (0):
stack at sp + 7 slots: {method} {0x00000222801e36e0} 'invokeVirtual' '(Ljava/lang/Object;Ljava/lang/Object;)Ljava/lang/Object;' in 'java/lang/invoke/DirectMethodHandle$Holder'

Lock stack of current Java thread (top to bottom):

MethodHandle::interpreter_entry::_linkToVirtual [0x00000222ea123897, 0x00000222ea1238ea] (83 bytes)
[MachCode]
  0x00000222ea123897: 660f 1f84 | 0000 0000 | 0048 8b53 | 080f b752 | 2e48 8b0c | d458 5b50 | 448b 5108 | 49bb 0000 
  0x00000222ea1238b7: 0080 2202 | 0000 4d03 | d34c 8b5b | 104b 8b9c | dad0 0100 | 0048 85db | 0f84 1000 | 0000 4180 
  0x00000222ea1238d7: bfe0 0500 | 0000 7403 | ff63 38ff | 6350 e976 | 
[/MachCode]

---------------  P R O C E S S  ---------------

Threads class SMR info:
_java_thread_list=0x00000222c8371370, length=35, elements={
0x00000222f1b70570, 0x00000222f1b71ce0, 0x00000222f1b73dc0, 0x00000222f1b78ab0,
0x00000222f1b79f90, 0x00000222f1b7b470, 0x00000222f1b86580, 0x00000222c5069490,
0x00000222c5136f60, 0x00000222c514dfe0, 0x00000222c5150790, 0x00000222c599b120,
0x00000222c5b749a0, 0x00000222c5b7b4f0, 0x00000222c5be3bb0, 0x00000222c6177100,
0x00000222c6177f90, 0x00000222c5da6ba0, 0x00000222c5da6510, 0x00000222c749eae0,
0x00000222c749a2b0, 0x00000222c749b660, 0x00000222c7498870, 0x00000222c749d730,
0x00000222c749a940, 0x00000222c749ca10, 0x00000222c749afd0, 0x00000222c749c380,
0x00000222c7498f00, 0x00000222c749d0a0, 0x00000222c749ddc0, 0x00000222c749f170,
0x00000222c74981e0, 0x00000222c7499590, 0x00000222c5a5d5c0
}

Java Threads: ( => current thread )
  0x00000222f1b70570 JavaThread "Reference Handler"          daemon [_thread_blocked, id=10624, stack(0x0000005f35f00000,0x0000005f36000000) (1024K)]
  0x00000222f1b71ce0 JavaThread "Finalizer"                  daemon [_thread_blocked, id=20208, stack(0x0000005f36000000,0x0000005f36100000) (1024K)]
  0x00000222f1b73dc0 JavaThread "Signal Dispatcher"          daemon [_thread_blocked, id=9820, stack(0x0000005f36100000,0x0000005f36200000) (1024K)]
  0x00000222f1b78ab0 JavaThread "Attach Listener"            daemon [_thread_blocked, id=13280, stack(0x0000005f36200000,0x0000005f36300000) (1024K)]
  0x00000222f1b79f90 JavaThread "Service Thread"             daemon [_thread_blocked, id=15832, stack(0x0000005f36300000,0x0000005f36400000) (1024K)]
  0x00000222f1b7b470 JavaThread "Monitor Deflation Thread"   daemon [_thread_blocked, id=17876, stack(0x0000005f36400000,0x0000005f36500000) (1024K)]
  0x00000222f1b86580 JavaThread "C1 CompilerThread0"         daemon [_thread_blocked, id=10744, stack(0x0000005f36500000,0x0000005f36600000) (1024K)]
  0x00000222c5069490 JavaThread "Common-Cleaner"             daemon [_thread_blocked, id=11600, stack(0x0000005f36600000,0x0000005f36700000) (1024K)]
  0x00000222c5136f60 JavaThread "JDWP Transport Listener: dt_socket" daemon [_thread_blocked, id=7572, stack(0x0000005f36900000,0x0000005f36a00000) (1024K)]
  0x00000222c514dfe0 JavaThread "JDWP Event Helper Thread"   daemon [_thread_blocked, id=15972, stack(0x0000005f36a00000,0x0000005f36b00000) (1024K)]
  0x00000222c5150790 JavaThread "JDWP Command Reader"        daemon [_thread_in_native, id=17464, stack(0x0000005f36b00000,0x0000005f36c00000) (1024K)]
  0x00000222c599b120 JavaThread "Notification Thread"        daemon [_thread_blocked, id=14992, stack(0x0000005f36c00000,0x0000005f36d00000) (1024K)]
  0x00000222c5b749a0 JavaThread "RMI TCP Accept-0"           daemon [_thread_in_native, id=15960, stack(0x0000005f36e00000,0x0000005f36f00000) (1024K)]
  0x00000222c5b7b4f0 JavaThread "RMI TCP Accept-57145"       daemon [_thread_in_native, id=2388, stack(0x0000005f36f00000,0x0000005f37000000) (1024K)]
  0x00000222c5be3bb0 JavaThread "RMI TCP Accept-0"           daemon [_thread_in_native, id=14804, stack(0x0000005f37700000,0x0000005f37800000) (1024K)]
  0x00000222c6177100 JavaThread "RMI Scheduler(0)"           daemon [_thread_blocked, id=7648, stack(0x0000005f37900000,0x0000005f37a00000) (1024K)]
  0x00000222c6177f90 JavaThread "RMI TCP Connection(idle)"   daemon [_thread_blocked, id=6708, stack(0x0000005f37a00000,0x0000005f37b00000) (1024K)]
  0x00000222c5da6ba0 JavaThread "JMX server connection timeout 38" daemon [_thread_blocked, id=9164, stack(0x0000005f37b00000,0x0000005f37c00000) (1024K)]
  0x00000222c5da6510 JavaThread "HikariPool-1 housekeeper"   daemon [_thread_blocked, id=19048, stack(0x0000005f37c00000,0x0000005f37d00000) (1024K)]
  0x00000222c749eae0 JavaThread "Catalina-utility-1"                [_thread_blocked, id=10896, stack(0x0000005f37f00000,0x0000005f38000000) (1024K)]
  0x00000222c749a2b0 JavaThread "Catalina-utility-2"                [_thread_blocked, id=20328, stack(0x0000005f38000000,0x0000005f38100000) (1024K)]
  0x00000222c749b660 JavaThread "container-0"                       [_thread_blocked, id=2484, stack(0x0000005f38100000,0x0000005f38200000) (1024K)]
  0x00000222c7498870 JavaThread "http-nio-8080-exec-1"       daemon [_thread_blocked, id=7820, stack(0x0000005f38200000,0x0000005f38300000) (1024K)]
  0x00000222c749d730 JavaThread "http-nio-8080-exec-2"       daemon [_thread_blocked, id=5924, stack(0x0000005f38300000,0x0000005f38400000) (1024K)]
  0x00000222c749a940 JavaThread "http-nio-8080-exec-3"       daemon [_thread_blocked, id=16588, stack(0x0000005f38400000,0x0000005f38500000) (1024K)]
  0x00000222c749ca10 JavaThread "http-nio-8080-exec-4"       daemon [_thread_blocked, id=19568, stack(0x0000005f38500000,0x0000005f38600000) (1024K)]
=>0x00000222c749afd0 JavaThread "http-nio-8080-exec-5"       daemon [_thread_in_Java, id=12388, stack(0x0000005f38600000,0x0000005f38700000) (1024K)]
  0x00000222c749c380 JavaThread "http-nio-8080-exec-6"       daemon [_thread_blocked, id=17728, stack(0x0000005f38700000,0x0000005f38800000) (1024K)]
  0x00000222c7498f00 JavaThread "http-nio-8080-exec-7"       daemon [_thread_blocked, id=8112, stack(0x0000005f38800000,0x0000005f38900000) (1024K)]
  0x00000222c749d0a0 JavaThread "http-nio-8080-exec-8"       daemon [_thread_blocked, id=2192, stack(0x0000005f38900000,0x0000005f38a00000) (1024K)]
  0x00000222c749ddc0 JavaThread "http-nio-8080-exec-9"       daemon [_thread_blocked, id=3080, stack(0x0000005f38a00000,0x0000005f38b00000) (1024K)]
  0x00000222c749f170 JavaThread "http-nio-8080-exec-10"      daemon [_thread_blocked, id=8620, stack(0x0000005f38b00000,0x0000005f38c00000) (1024K)]
  0x00000222c74981e0 JavaThread "http-nio-8080-Poller"       daemon [_thread_in_native, id=13844, stack(0x0000005f38c00000,0x0000005f38d00000) (1024K)]
  0x00000222c7499590 JavaThread "http-nio-8080-Acceptor"     daemon [_thread_in_native, id=10584, stack(0x0000005f38d00000,0x0000005f38e00000) (1024K)]
  0x00000222c5a5d5c0 JavaThread "DestroyJavaVM"                     [_thread_blocked, id=1248, stack(0x0000005f35700000,0x0000005f35800000) (1024K)]
Total: 35

Other Threads:
  0x00000222f1b55020 VMThread "VM Thread"                           [id=17316, stack(0x0000005f35e00000,0x0000005f35f00000) (1024K)]
  0x00000222f1b45310 WatcherThread "VM Periodic Task Thread"        [id=16836, stack(0x0000005f35d00000,0x0000005f35e00000) (1024K)]
  0x00000222e1a15640 WorkerThread "GC Thread#0"                     [id=6064, stack(0x0000005f35800000,0x0000005f35900000) (1024K)]
  0x00000222c5ba1510 WorkerThread "GC Thread#1"                     [id=13288, stack(0x0000005f37000000,0x0000005f37100000) (1024K)]
  0x00000222c5bc97f0 WorkerThread "GC Thread#2"                     [id=8452, stack(0x0000005f37100000,0x0000005f37200000) (1024K)]
  0x00000222c5bc9ba0 WorkerThread "GC Thread#3"                     [id=18692, stack(0x0000005f37200000,0x0000005f37300000) (1024K)]
  0x00000222c5bcdf60 WorkerThread "GC Thread#4"                     [id=19340, stack(0x0000005f37300000,0x0000005f37400000) (1024K)]
  0x00000222c5bce310 WorkerThread "GC Thread#5"                     [id=9712, stack(0x0000005f37400000,0x0000005f37500000) (1024K)]
  0x00000222c5bce6c0 WorkerThread "GC Thread#6"                     [id=15508, stack(0x0000005f37500000,0x0000005f37600000) (1024K)]
  0x00000222c5bd12a0 WorkerThread "GC Thread#7"                     [id=14176, stack(0x0000005f37600000,0x0000005f37700000) (1024K)]
  0x00000222e1a25900 ConcurrentGCThread "G1 Main Marker"            [id=7144, stack(0x0000005f35900000,0x0000005f35a00000) (1024K)]
  0x00000222e1a26d60 WorkerThread "G1 Conc#0"                       [id=8420, stack(0x0000005f35a00000,0x0000005f35b00000) (1024K)]
  0x00000222c6a3ee50 WorkerThread "G1 Conc#1"                       [id=16480, stack(0x0000005f37d00000,0x0000005f37e00000) (1024K)]
  0x00000222e1a7e380 ConcurrentGCThread "G1 Refine#0"               [id=15496, stack(0x0000005f35b00000,0x0000005f35c00000) (1024K)]
  0x00000222f1a19100 ConcurrentGCThread "G1 Service"                [id=12308, stack(0x0000005f35c00000,0x0000005f35d00000) (1024K)]
Total: 15

Threads with active compile tasks:
Total: 0

VM state: not at safepoint (normal execution)

VM Mutex/Monitor currently owned by a thread: None

Heap address: 0x00000000a2400000, size: 1500 MB, Compressed Oops mode: 32-bit

CDS archive(s) mapped at: [0x0000022280000000-0x0000022280d70000-0x0000022280d70000), size 14090240, SharedBaseAddress: 0x0000022280000000, ArchiveRelocationMode: 1.
Compressed class space mapped at: 0x0000022281000000-0x00000222c1000000, reserved size: 1073741824
Narrow klass base: 0x0000022280000000, Narrow klass shift: 0, Narrow klass range: 0x41000000

GC Precious Log:
 CardTable entry size: 512
 Card Set container configuration: InlinePtr #cards 5 size 8 Array Of Cards #cards 10 size 36 Howl #buckets 4 coarsen threshold 1843 Howl Bitmap #cards 512 size 80 coarsen threshold 460 Card regions per heap region 1 cards per card region 2048
 CPUs: 8 total, 8 available
 Memory: 5996M
 Large Page Support: Disabled
 NUMA Support: Disabled
 Compressed Oops: Enabled (32-bit)
 Heap Region Size: 1M
 Heap Min Capacity: 8M
 Heap Initial Capacity: 94M
 Heap Max Capacity: 1500M
 Pre-touch: Disabled
 Parallel Workers: 8
 Concurrent Workers: 2
 Concurrent Refinement Workers: 8
 Periodic GC: Disabled

Heap:
 garbage-first heap   total reserved 1536000K, committed 107520K, used 73048K [0x00000000a2400000, 0x0000000100000000)
  region size 1024K, 37 young (37888K), 6 survivors (6144K)
 Metaspace       used 71410K, committed 72192K, reserved 1114112K
  class space    used 10150K, committed 10496K, reserved 1048576K

Heap Regions: E=young(eden), S=young(survivor), O=old, HS=humongous(starts), HC=humongous(continues), CS=collection set, F=free, TAMS=top-at-mark-start, PB=parsable bottom
|   0|0x00000000a2400000, 0x00000000a2500000, 0x00000000a2500000|100%|HS|  |TAMS 0x00000000a2400000| PB 0x00000000a2400000| Complete |  0
|   1|0x00000000a2500000, 0x00000000a2600000, 0x00000000a2600000|100%| O|  |TAMS 0x00000000a2500000| PB 0x00000000a2500000| Untracked |  0
|   2|0x00000000a2600000, 0x00000000a2700000, 0x00000000a2700000|100%| O|  |TAMS 0x00000000a2600000| PB 0x00000000a2600000| Untracked |  0
|   3|0x00000000a2700000, 0x00000000a2800000, 0x00000000a2800000|100%| O|  |TAMS 0x00000000a2700000| PB 0x00000000a2700000| Untracked |  0
|   4|0x00000000a2800000, 0x00000000a2900000, 0x00000000a2900000|100%| O|  |TAMS 0x00000000a2800000| PB 0x00000000a2800000| Untracked |  0
|   5|0x00000000a2900000, 0x00000000a2a00000, 0x00000000a2a00000|100%| O|  |TAMS 0x00000000a2900000| PB 0x00000000a2900000| Untracked |  0
|   6|0x00000000a2a00000, 0x00000000a2b00000, 0x00000000a2b00000|100%| O|  |TAMS 0x00000000a2a00000| PB 0x00000000a2a00000| Untracked |  0
|   7|0x00000000a2b00000, 0x00000000a2c00000, 0x00000000a2c00000|100%| O|  |TAMS 0x00000000a2b00000| PB 0x00000000a2b00000| Untracked |  0
|   8|0x00000000a2c00000, 0x00000000a2d00000, 0x00000000a2d00000|100%| O|  |TAMS 0x00000000a2c00000| PB 0x00000000a2c00000| Untracked |  0
|   9|0x00000000a2d00000, 0x00000000a2e00000, 0x00000000a2e00000|100%| O|  |TAMS 0x00000000a2d00000| PB 0x00000000a2d00000| Untracked |  0
|  10|0x00000000a2e00000, 0x00000000a2f00000, 0x00000000a2f00000|100%| O|  |TAMS 0x00000000a2e00000| PB 0x00000000a2e00000| Untracked |  0
|  11|0x00000000a2f00000, 0x00000000a3000000, 0x00000000a3000000|100%| O|  |TAMS 0x00000000a2f00000| PB 0x00000000a2f00000| Untracked |  0
|  12|0x00000000a3000000, 0x00000000a3100000, 0x00000000a3100000|100%| O|  |TAMS 0x00000000a3000000| PB 0x00000000a3000000| Untracked |  0
|  13|0x00000000a3100000, 0x00000000a3200000, 0x00000000a3200000|100%| O|  |TAMS 0x00000000a3100000| PB 0x00000000a3100000| Untracked |  0
|  14|0x00000000a3200000, 0x00000000a3300000, 0x00000000a3300000|100%| O|  |TAMS 0x00000000a3200000| PB 0x00000000a3200000| Untracked |  0
|  15|0x00000000a3300000, 0x00000000a3400000, 0x00000000a3400000|100%| O|  |TAMS 0x00000000a3300000| PB 0x00000000a3300000| Untracked |  0
|  16|0x00000000a3400000, 0x00000000a3500000, 0x00000000a3500000|100%| O|  |TAMS 0x00000000a3400000| PB 0x00000000a3400000| Untracked |  0
|  17|0x00000000a3500000, 0x00000000a3600000, 0x00000000a3600000|100%| O|  |TAMS 0x00000000a3500000| PB 0x00000000a3500000| Untracked |  0
|  18|0x00000000a3600000, 0x00000000a3700000, 0x00000000a3700000|100%| O|  |TAMS 0x00000000a3600000| PB 0x00000000a3600000| Untracked |  0
|  19|0x00000000a3700000, 0x00000000a3800000, 0x00000000a3800000|100%| O|  |TAMS 0x00000000a3700000| PB 0x00000000a3700000| Untracked |  0
|  20|0x00000000a3800000, 0x00000000a3900000, 0x00000000a3900000|100%| O|  |TAMS 0x00000000a3800000| PB 0x00000000a3800000| Untracked |  0
|  21|0x00000000a3900000, 0x00000000a3a00000, 0x00000000a3a00000|100%| O|  |TAMS 0x00000000a3900000| PB 0x00000000a3900000| Untracked |  0
|  22|0x00000000a3a00000, 0x00000000a3b00000, 0x00000000a3b00000|100%| O|  |TAMS 0x00000000a3a00000| PB 0x00000000a3a00000| Untracked |  0
|  23|0x00000000a3b00000, 0x00000000a3c00000, 0x00000000a3c00000|100%| O|  |TAMS 0x00000000a3b00000| PB 0x00000000a3b00000| Untracked |  0
|  24|0x00000000a3c00000, 0x00000000a3d00000, 0x00000000a3d00000|100%| O|  |TAMS 0x00000000a3c00000| PB 0x00000000a3c00000| Untracked |  0
|  25|0x00000000a3d00000, 0x00000000a3e00000, 0x00000000a3e00000|100%| O|  |TAMS 0x00000000a3d00000| PB 0x00000000a3d00000| Untracked |  0
|  26|0x00000000a3e00000, 0x00000000a3f00000, 0x00000000a3f00000|100%| O|  |TAMS 0x00000000a3e00000| PB 0x00000000a3e00000| Untracked |  0
|  27|0x00000000a3f00000, 0x00000000a4000000, 0x00000000a4000000|100%| O|  |TAMS 0x00000000a3f00000| PB 0x00000000a3f00000| Untracked |  0
|  28|0x00000000a4000000, 0x00000000a4100000, 0x00000000a4100000|100%| O|  |TAMS 0x00000000a4000000| PB 0x00000000a4000000| Untracked |  0
|  29|0x00000000a4100000, 0x00000000a4200000, 0x00000000a4200000|100%| O|  |TAMS 0x00000000a4100000| PB 0x00000000a4100000| Untracked |  0
|  30|0x00000000a4200000, 0x00000000a4300000, 0x00000000a4300000|100%| O|  |TAMS 0x00000000a4200000| PB 0x00000000a4200000| Untracked |  0
|  31|0x00000000a4300000, 0x00000000a4400000, 0x00000000a4400000|100%| O|  |TAMS 0x00000000a4300000| PB 0x00000000a4300000| Untracked |  0
|  32|0x00000000a4400000, 0x00000000a44d9050, 0x00000000a4500000| 84%| O|  |TAMS 0x00000000a4400000| PB 0x00000000a4400000| Untracked |  0
|  33|0x00000000a4500000, 0x00000000a4500000, 0x00000000a4600000|  0%| F|  |TAMS 0x00000000a4500000| PB 0x00000000a4500000| Untracked |  0
|  34|0x00000000a4600000, 0x00000000a4600000, 0x00000000a4700000|  0%| F|  |TAMS 0x00000000a4600000| PB 0x00000000a4600000| Untracked |  0
|  35|0x00000000a4700000, 0x00000000a4700000, 0x00000000a4800000|  0%| F|  |TAMS 0x00000000a4700000| PB 0x00000000a4700000| Untracked |  0
|  36|0x00000000a4800000, 0x00000000a4800000, 0x00000000a4900000|  0%| F|  |TAMS 0x00000000a4800000| PB 0x00000000a4800000| Untracked |  0
|  37|0x00000000a4900000, 0x00000000a4900000, 0x00000000a4a00000|  0%| F|  |TAMS 0x00000000a4900000| PB 0x00000000a4900000| Untracked |  0
|  38|0x00000000a4a00000, 0x00000000a4a00000, 0x00000000a4b00000|  0%| F|  |TAMS 0x00000000a4a00000| PB 0x00000000a4a00000| Untracked |  0
|  39|0x00000000a4b00000, 0x00000000a4b7d298, 0x00000000a4c00000| 48%| S|CS|TAMS 0x00000000a4b00000| PB 0x00000000a4b00000| Complete |  0
|  40|0x00000000a4c00000, 0x00000000a4d00000, 0x00000000a4d00000|100%| S|CS|TAMS 0x00000000a4c00000| PB 0x00000000a4c00000| Complete |  0
|  41|0x00000000a4d00000, 0x00000000a4d00000, 0x00000000a4e00000|  0%| F|  |TAMS 0x00000000a4d00000| PB 0x00000000a4d00000| Untracked |  0
|  42|0x00000000a4e00000, 0x00000000a4e00000, 0x00000000a4f00000|  0%| F|  |TAMS 0x00000000a4e00000| PB 0x00000000a4e00000| Untracked |  0
|  43|0x00000000a4f00000, 0x00000000a4f00000, 0x00000000a5000000|  0%| F|  |TAMS 0x00000000a4f00000| PB 0x00000000a4f00000| Untracked |  0
|  44|0x00000000a5000000, 0x00000000a5000000, 0x00000000a5100000|  0%| F|  |TAMS 0x00000000a5000000| PB 0x00000000a5000000| Untracked |  0
|  45|0x00000000a5100000, 0x00000000a5100000, 0x00000000a5200000|  0%| F|  |TAMS 0x00000000a5100000| PB 0x00000000a5100000| Untracked |  0
|  46|0x00000000a5200000, 0x00000000a5200000, 0x00000000a5300000|  0%| F|  |TAMS 0x00000000a5200000| PB 0x00000000a5200000| Untracked |  0
|  47|0x00000000a5300000, 0x00000000a5300000, 0x00000000a5400000|  0%| F|  |TAMS 0x00000000a5300000| PB 0x00000000a5300000| Untracked |  0
|  48|0x00000000a5400000, 0x00000000a5400000, 0x00000000a5500000|  0%| F|  |TAMS 0x00000000a5400000| PB 0x00000000a5400000| Untracked |  0
|  49|0x00000000a5500000, 0x00000000a5600000, 0x00000000a5600000|100%| S|CS|TAMS 0x00000000a5500000| PB 0x00000000a5500000| Complete |  0
|  50|0x00000000a5600000, 0x00000000a5700000, 0x00000000a5700000|100%| S|CS|TAMS 0x00000000a5600000| PB 0x00000000a5600000| Complete |  0
|  51|0x00000000a5700000, 0x00000000a5800000, 0x00000000a5800000|100%| S|CS|TAMS 0x00000000a5700000| PB 0x00000000a5700000| Complete |  0
|  52|0x00000000a5800000, 0x00000000a5900000, 0x00000000a5900000|100%| S|CS|TAMS 0x00000000a5800000| PB 0x00000000a5800000| Complete |  0
|  53|0x00000000a5900000, 0x00000000a5900000, 0x00000000a5a00000|  0%| F|  |TAMS 0x00000000a5900000| PB 0x00000000a5900000| Untracked |  0
|  54|0x00000000a5a00000, 0x00000000a5a00000, 0x00000000a5b00000|  0%| F|  |TAMS 0x00000000a5a00000| PB 0x00000000a5a00000| Untracked |  0
|  55|0x00000000a5b00000, 0x00000000a5b00000, 0x00000000a5c00000|  0%| F|  |TAMS 0x00000000a5b00000| PB 0x00000000a5b00000| Untracked |  0
|  56|0x00000000a5c00000, 0x00000000a5c00000, 0x00000000a5d00000|  0%| F|  |TAMS 0x00000000a5c00000| PB 0x00000000a5c00000| Untracked |  0
|  57|0x00000000a5d00000, 0x00000000a5d00000, 0x00000000a5e00000|  0%| F|  |TAMS 0x00000000a5d00000| PB 0x00000000a5d00000| Untracked |  0
|  58|0x00000000a5e00000, 0x00000000a5e00000, 0x00000000a5f00000|  0%| F|  |TAMS 0x00000000a5e00000| PB 0x00000000a5e00000| Untracked |  0
|  59|0x00000000a5f00000, 0x00000000a5f00000, 0x00000000a6000000|  0%| F|  |TAMS 0x00000000a5f00000| PB 0x00000000a5f00000| Untracked |  0
|  60|0x00000000a6000000, 0x00000000a6000000, 0x00000000a6100000|  0%| F|  |TAMS 0x00000000a6000000| PB 0x00000000a6000000| Untracked |  0
|  61|0x00000000a6100000, 0x00000000a6100000, 0x00000000a6200000|  0%| F|  |TAMS 0x00000000a6100000| PB 0x00000000a6100000| Untracked |  0
|  62|0x00000000a6200000, 0x00000000a6200000, 0x00000000a6300000|  0%| F|  |TAMS 0x00000000a6200000| PB 0x00000000a6200000| Untracked |  0
|  63|0x00000000a6300000, 0x00000000a6300000, 0x00000000a6400000|  0%| F|  |TAMS 0x00000000a6300000| PB 0x00000000a6300000| Untracked |  0
|  64|0x00000000a6400000, 0x00000000a6400000, 0x00000000a6500000|  0%| F|  |TAMS 0x00000000a6400000| PB 0x00000000a6400000| Untracked |  0
|  65|0x00000000a6500000, 0x00000000a6500000, 0x00000000a6600000|  0%| F|  |TAMS 0x00000000a6500000| PB 0x00000000a6500000| Untracked |  0
|  66|0x00000000a6600000, 0x00000000a6600000, 0x00000000a6700000|  0%| F|  |TAMS 0x00000000a6600000| PB 0x00000000a6600000| Untracked |  0
|  67|0x00000000a6700000, 0x00000000a6700000, 0x00000000a6800000|  0%| F|  |TAMS 0x00000000a6700000| PB 0x00000000a6700000| Untracked |  0
|  68|0x00000000a6800000, 0x00000000a6800000, 0x00000000a6900000|  0%| F|  |TAMS 0x00000000a6800000| PB 0x00000000a6800000| Untracked |  0
|  69|0x00000000a6900000, 0x00000000a6900000, 0x00000000a6a00000|  0%| F|  |TAMS 0x00000000a6900000| PB 0x00000000a6900000| Untracked |  0
|  70|0x00000000a6a00000, 0x00000000a6abf398, 0x00000000a6b00000| 74%| E|  |TAMS 0x00000000a6a00000| PB 0x00000000a6a00000| Complete |  0
|  71|0x00000000a6b00000, 0x00000000a6c00000, 0x00000000a6c00000|100%| E|CS|TAMS 0x00000000a6b00000| PB 0x00000000a6b00000| Complete |  0
|  72|0x00000000a6c00000, 0x00000000a6d00000, 0x00000000a6d00000|100%| E|CS|TAMS 0x00000000a6c00000| PB 0x00000000a6c00000| Complete |  0
|  73|0x00000000a6d00000, 0x00000000a6e00000, 0x00000000a6e00000|100%| E|  |TAMS 0x00000000a6d00000| PB 0x00000000a6d00000| Complete |  0
|  74|0x00000000a6e00000, 0x00000000a6f00000, 0x00000000a6f00000|100%| E|CS|TAMS 0x00000000a6e00000| PB 0x00000000a6e00000| Complete |  0
|  75|0x00000000a6f00000, 0x00000000a7000000, 0x00000000a7000000|100%| E|CS|TAMS 0x00000000a6f00000| PB 0x00000000a6f00000| Complete |  0
|  76|0x00000000a7000000, 0x00000000a7100000, 0x00000000a7100000|100%| E|CS|TAMS 0x00000000a7000000| PB 0x00000000a7000000| Complete |  0
|  77|0x00000000a7100000, 0x00000000a7200000, 0x00000000a7200000|100%| E|CS|TAMS 0x00000000a7100000| PB 0x00000000a7100000| Complete |  0
|  78|0x00000000a7200000, 0x00000000a7300000, 0x00000000a7300000|100%| E|CS|TAMS 0x00000000a7200000| PB 0x00000000a7200000| Complete |  0
|  79|0x00000000a7300000, 0x00000000a7400000, 0x00000000a7400000|100%| E|CS|TAMS 0x00000000a7300000| PB 0x00000000a7300000| Complete |  0
|  80|0x00000000a7400000, 0x00000000a7500000, 0x00000000a7500000|100%| E|CS|TAMS 0x00000000a7400000| PB 0x00000000a7400000| Complete |  0
|  81|0x00000000a7500000, 0x00000000a7600000, 0x00000000a7600000|100%| E|CS|TAMS 0x00000000a7500000| PB 0x00000000a7500000| Complete |  0
|  82|0x00000000a7600000, 0x00000000a7700000, 0x00000000a7700000|100%| E|CS|TAMS 0x00000000a7600000| PB 0x00000000a7600000| Complete |  0
|  83|0x00000000a7700000, 0x00000000a7800000, 0x00000000a7800000|100%| E|CS|TAMS 0x00000000a7700000| PB 0x00000000a7700000| Complete |  0
|  84|0x00000000a7800000, 0x00000000a7900000, 0x00000000a7900000|100%| E|CS|TAMS 0x00000000a7800000| PB 0x00000000a7800000| Complete |  0
|  85|0x00000000a7900000, 0x00000000a7a00000, 0x00000000a7a00000|100%| E|CS|TAMS 0x00000000a7900000| PB 0x00000000a7900000| Complete |  0
|  86|0x00000000a7a00000, 0x00000000a7b00000, 0x00000000a7b00000|100%| E|CS|TAMS 0x00000000a7a00000| PB 0x00000000a7a00000| Complete |  0
|  87|0x00000000a7b00000, 0x00000000a7c00000, 0x00000000a7c00000|100%| E|CS|TAMS 0x00000000a7b00000| PB 0x00000000a7b00000| Complete |  0
|  88|0x00000000a7c00000, 0x00000000a7d00000, 0x00000000a7d00000|100%| E|CS|TAMS 0x00000000a7c00000| PB 0x00000000a7c00000| Complete |  0
|  89|0x00000000a7d00000, 0x00000000a7e00000, 0x00000000a7e00000|100%| E|CS|TAMS 0x00000000a7d00000| PB 0x00000000a7d00000| Complete |  0
|  90|0x00000000a7e00000, 0x00000000a7f00000, 0x00000000a7f00000|100%| E|CS|TAMS 0x00000000a7e00000| PB 0x00000000a7e00000| Complete |  0
|  91|0x00000000a7f00000, 0x00000000a8000000, 0x00000000a8000000|100%| E|CS|TAMS 0x00000000a7f00000| PB 0x00000000a7f00000| Complete |  0
|  92|0x00000000a8000000, 0x00000000a8100000, 0x00000000a8100000|100%| E|CS|TAMS 0x00000000a8000000| PB 0x00000000a8000000| Complete |  0
|  93|0x00000000a8100000, 0x00000000a8200000, 0x00000000a8200000|100%| E|CS|TAMS 0x00000000a8100000| PB 0x00000000a8100000| Complete |  0
|  94|0x00000000a8200000, 0x00000000a8300000, 0x00000000a8300000|100%| E|CS|TAMS 0x00000000a8200000| PB 0x00000000a8200000| Complete |  0
|  95|0x00000000a8300000, 0x00000000a8400000, 0x00000000a8400000|100%| E|CS|TAMS 0x00000000a8300000| PB 0x00000000a8300000| Complete |  0
|  96|0x00000000a8400000, 0x00000000a8500000, 0x00000000a8500000|100%| E|CS|TAMS 0x00000000a8400000| PB 0x00000000a8400000| Complete |  0
|  97|0x00000000a8500000, 0x00000000a8600000, 0x00000000a8600000|100%| E|CS|TAMS 0x00000000a8500000| PB 0x00000000a8500000| Complete |  0
|  98|0x00000000a8600000, 0x00000000a8700000, 0x00000000a8700000|100%| E|CS|TAMS 0x00000000a8600000| PB 0x00000000a8600000| Complete |  0
|  99|0x00000000a8700000, 0x00000000a8800000, 0x00000000a8800000|100%| E|CS|TAMS 0x00000000a8700000| PB 0x00000000a8700000| Complete |  0
| 100|0x00000000a8800000, 0x00000000a8900000, 0x00000000a8900000|100%| E|CS|TAMS 0x00000000a8800000| PB 0x00000000a8800000| Complete |  0
|1496|0x00000000ffc00000, 0x00000000ffd00000, 0x00000000ffd00000|100%| O|  |TAMS 0x00000000ffc00000| PB 0x00000000ffc00000| Untracked |  0
|1497|0x00000000ffd00000, 0x00000000ffe00000, 0x00000000ffe00000|100%| O|  |TAMS 0x00000000ffd00000| PB 0x00000000ffd00000| Untracked |  0
|1498|0x00000000ffe00000, 0x00000000fff00000, 0x00000000fff00000|100%| O|  |TAMS 0x00000000ffe00000| PB 0x00000000ffe00000| Untracked |  0
|1499|0x00000000fff00000, 0x0000000100000000, 0x0000000100000000|100%| O|  |TAMS 0x00000000fff00000| PB 0x00000000fff00000| Untracked |  0

Card table byte_map: [0x00000222ed710000,0x00000222eda00000] _byte_map_base: 0x00000222ed1fe000

Marking Bits: (CMBitMap*) 0x00000222e1a16560
 Bits: [0x00000222eda00000, 0x00000222ef170000)

Polling page: 0x00000222df9a0000

Metaspace:

Usage:
  Non-class:     59.82 MB used.
      Class:      9.91 MB used.
       Both:     69.74 MB used.

Virtual space:
  Non-class space:       64.00 MB reserved,      60.25 MB ( 94%) committed,  1 nodes.
      Class space:        1.00 GB reserved,      10.25 MB (  1%) committed,  1 nodes.
             Both:        1.06 GB reserved,      70.50 MB (  6%) committed. 

Chunk freelists:
   Non-Class:  3.23 MB
       Class:  5.73 MB
        Both:  8.97 MB

MaxMetaspaceSize: unlimited
CompressedClassSpaceSize: 1.00 GB
Initial GC threshold: 21.00 MB
Current GC threshold: 98.75 MB
CDS: on
 - commit_granule_bytes: 65536.
 - commit_granule_words: 8192.
 - virtual_space_node_default_size: 8388608.
 - enlarge_chunks_in_place: 1.
 - use_allocation_guard: 0.


Internal statistics:

num_allocs_failed_limit: 9.
num_arena_births: 1004.
num_arena_deaths: 0.
num_vsnodes_births: 2.
num_vsnodes_deaths: 0.
num_space_committed: 1128.
num_space_uncommitted: 0.
num_chunks_returned_to_freelist: 9.
num_chunks_taken_from_freelist: 3464.
num_chunk_merges: 9.
num_chunk_splits: 2569.
num_chunks_enlarged: 2040.
num_inconsistent_stats: 0.

CodeCache: size=49152Kb used=9443Kb max_used=10928Kb free=39708Kb
 bounds [0x00000222ea0f0000, 0x00000222eaba0000, 0x00000222ed0f0000]
 total_blobs=6895, nmethods=6140, adapters=680, full_count=0
Compilation: enabled, stopped_count=0, restarted_count=0

Compilation events (20 events):
Event: 64.286 Thread 0x00000222f1b86580 6208       1       org.apache.catalina.LifecycleEvent::getType (5 bytes)
Event: 64.286 Thread 0x00000222f1b86580 nmethod 6208 0x00000222ea4c4008 code [0x00000222ea4c4120, 0x00000222ea4c41e8]
Event: 66.788 Thread 0x00000222f1b86580 6209       1       java.util.concurrent.ScheduledThreadPoolExecutor::canRunInCurrentRunState (61 bytes)
Event: 66.788 Thread 0x00000222f1b86580 nmethod 6209 0x00000222ea4c3b88 code [0x00000222ea4c3cc0, 0x00000222ea4c3f80]
Event: 69.463 Thread 0x00000222f1b86580 6210   !   1       org.apache.tomcat.util.http.parser.HttpParser::isToken (9 bytes)
Event: 69.463 Thread 0x00000222f1b86580 nmethod 6210 0x00000222ea4c3888 code [0x00000222ea4c39a0, 0x00000222ea4c3ac0]
Event: 69.463 Thread 0x00000222f1b86580 6211       1       org.apache.tomcat.util.buf.ByteChunk::equalsIgnoreCase (76 bytes)
Event: 69.464 Thread 0x00000222f1b86580 nmethod 6211 0x00000222ea4c3388 code [0x00000222ea4c34c0, 0x00000222ea4c37d0]
Event: 69.464 Thread 0x00000222f1b86580 6212       1       org.apache.catalina.connector.RequestFacade::checkFacade (25 bytes)
Event: 69.464 Thread 0x00000222f1b86580 nmethod 6212 0x00000222ea4c3088 code [0x00000222ea4c31c0, 0x00000222ea4c3370]
Event: 84.289 Thread 0x00000222f1b86580 6213       1       org.apache.catalina.util.LifecycleBase::getState (5 bytes)
Event: 84.290 Thread 0x00000222f1b86580 nmethod 6213 0x00000222ea4c2d88 code [0x00000222ea4c2ea0, 0x00000222ea4c2f68]
Event: 90.790 Thread 0x00000222f1b86580 6214       1       java.util.concurrent.ThreadPoolExecutor::getQueue (5 bytes)
Event: 90.790 Thread 0x00000222f1b86580 nmethod 6214 0x00000222ea4c2a88 code [0x00000222ea4c2ba0, 0x00000222ea4c2c68]
Event: 106.784 Thread 0x00000222f1b86580 6215   !   1       java.util.concurrent.locks.LockSupport::parkNanos (56 bytes)
Event: 106.785 Thread 0x00000222f1b86580 nmethod 6215 0x00000222ea4c2588 code [0x00000222ea4c26c0, 0x00000222ea4c2a28]
Event: 108.822 Thread 0x00000222f1b86580 6216       1       org.apache.tomcat.util.net.NioEndpoint$NioSocketWrapper::interestOps (5 bytes)
Event: 108.822 Thread 0x00000222f1b86580 nmethod 6216 0x00000222ea4c2288 code [0x00000222ea4c23a0, 0x00000222ea4c2468]
Event: 109.786 Thread 0x00000222f1b86580 6217   !   1       java.util.concurrent.ThreadPoolExecutor::getTask (177 bytes)
Event: 109.787 Thread 0x00000222f1b86580 nmethod 6217 0x00000222ea4c1b08 code [0x00000222ea4c1c80, 0x00000222ea4c21b8]

GC Heap History (20 events):
Event: 4.909 GC heap before
{Heap before GC invocations=15 (full 0):
 garbage-first heap   total reserved 1536000K, committed 70656K, used 59727K [0x00000000a2400000, 0x0000000100000000)
  region size 1024K, 41 young (41984K), 4 survivors (4096K)
 Metaspace       used 42146K, committed 42688K, reserved 1114112K
  class space    used 5796K, committed 6016K, reserved 1048576K
}
Event: 4.913 GC heap after
{Heap after GC invocations=16 (full 0):
 garbage-first heap   total reserved 1536000K, committed 70656K, used 22613K [0x00000000a2400000, 0x0000000100000000)
  region size 1024K, 3 young (3072K), 3 survivors (3072K)
 Metaspace       used 42146K, committed 42688K, reserved 1114112K
  class space    used 5796K, committed 6016K, reserved 1048576K
}
Event: 5.212 GC heap before
{Heap before GC invocations=16 (full 0):
 garbage-first heap   total reserved 1536000K, committed 70656K, used 61525K [0x00000000a2400000, 0x0000000100000000)
  region size 1024K, 41 young (41984K), 3 survivors (3072K)
 Metaspace       used 45558K, committed 46080K, reserved 1114112K
  class space    used 6333K, committed 6528K, reserved 1048576K
}
Event: 5.217 GC heap after
{Heap after GC invocations=17 (full 0):
 garbage-first heap   total reserved 1536000K, committed 70656K, used 23046K [0x00000000a2400000, 0x0000000100000000)
  region size 1024K, 4 young (4096K), 4 survivors (4096K)
 Metaspace       used 45558K, committed 46080K, reserved 1114112K
  class space    used 6333K, committed 6528K, reserved 1048576K
}
Event: 5.590 GC heap before
{Heap before GC invocations=17 (full 0):
 garbage-first heap   total reserved 1536000K, committed 70656K, used 60934K [0x00000000a2400000, 0x0000000100000000)
  region size 1024K, 41 young (41984K), 4 survivors (4096K)
 Metaspace       used 49075K, committed 49664K, reserved 1114112K
  class space    used 6777K, committed 7040K, reserved 1048576K
}
Event: 5.595 GC heap after
{Heap after GC invocations=18 (full 0):
 garbage-first heap   total reserved 1536000K, committed 84992K, used 23656K [0x00000000a2400000, 0x0000000100000000)
  region size 1024K, 4 young (4096K), 4 survivors (4096K)
 Metaspace       used 49075K, committed 49664K, reserved 1114112K
  class space    used 6777K, committed 7040K, reserved 1048576K
}
Event: 6.022 GC heap before
{Heap before GC invocations=18 (full 0):
 garbage-first heap   total reserved 1536000K, committed 84992K, used 68712K [0x00000000a2400000, 0x0000000100000000)
  region size 1024K, 49 young (50176K), 4 survivors (4096K)
 Metaspace       used 54077K, committed 54656K, reserved 1114112K
  class space    used 7643K, committed 7936K, reserved 1048576K
}
Event: 6.027 GC heap after
{Heap after GC invocations=19 (full 0):
 garbage-first heap   total reserved 1536000K, committed 84992K, used 24277K [0x00000000a2400000, 0x0000000100000000)
  region size 1024K, 4 young (4096K), 4 survivors (4096K)
 Metaspace       used 54077K, committed 54656K, reserved 1114112K
  class space    used 7643K, committed 7936K, reserved 1048576K
}
Event: 6.500 GC heap before
{Heap before GC invocations=19 (full 0):
 garbage-first heap   total reserved 1536000K, committed 84992K, used 69333K [0x00000000a2400000, 0x0000000100000000)
  region size 1024K, 49 young (50176K), 4 survivors (4096K)
 Metaspace       used 58539K, committed 59200K, reserved 1114112K
  class space    used 8312K, committed 8640K, reserved 1048576K
}
Event: 6.511 GC heap after
{Heap after GC invocations=20 (full 0):
 garbage-first heap   total reserved 1536000K, committed 84992K, used 25105K [0x00000000a2400000, 0x0000000100000000)
  region size 1024K, 5 young (5120K), 5 survivors (5120K)
 Metaspace       used 58539K, committed 59200K, reserved 1114112K
  class space    used 8312K, committed 8640K, reserved 1048576K
}
Event: 6.646 GC heap before
{Heap before GC invocations=20 (full 0):
 garbage-first heap   total reserved 1536000K, committed 84992K, used 39441K [0x00000000a2400000, 0x0000000100000000)
  region size 1024K, 20 young (20480K), 5 survivors (5120K)
 Metaspace       used 59835K, committed 60416K, reserved 1114112K
  class space    used 8428K, committed 8704K, reserved 1048576K
}
Event: 6.652 GC heap after
{Heap after GC invocations=21 (full 0):
 garbage-first heap   total reserved 1536000K, committed 84992K, used 26073K [0x00000000a2400000, 0x0000000100000000)
  region size 1024K, 5 young (5120K), 5 survivors (5120K)
 Metaspace       used 59835K, committed 60416K, reserved 1114112K
  class space    used 8428K, committed 8704K, reserved 1048576K
}
Event: 7.153 GC heap before
{Heap before GC invocations=22 (full 0):
 garbage-first heap   total reserved 1536000K, committed 84992K, used 71129K [0x00000000a2400000, 0x0000000100000000)
  region size 1024K, 49 young (50176K), 5 survivors (5120K)
 Metaspace       used 62882K, committed 63488K, reserved 1114112K
  class space    used 8939K, committed 9216K, reserved 1048576K
}
Event: 7.162 GC heap after
{Heap after GC invocations=23 (full 0):
 garbage-first heap   total reserved 1536000K, committed 84992K, used 28803K [0x00000000a2400000, 0x0000000100000000)
  region size 1024K, 7 young (7168K), 7 survivors (7168K)
 Metaspace       used 62882K, committed 63488K, reserved 1114112K
  class space    used 8939K, committed 9216K, reserved 1048576K
}
Event: 7.368 GC heap before
{Heap before GC invocations=23 (full 0):
 garbage-first heap   total reserved 1536000K, committed 84992K, used 71811K [0x00000000a2400000, 0x0000000100000000)
  region size 1024K, 49 young (50176K), 7 survivors (7168K)
 Metaspace       used 63456K, committed 64128K, reserved 1114112K
  class space    used 9012K, committed 9280K, reserved 1048576K
}
Event: 7.382 GC heap after
{Heap after GC invocations=24 (full 0):
 garbage-first heap   total reserved 1536000K, committed 107520K, used 36598K [0x00000000a2400000, 0x0000000100000000)
  region size 1024K, 7 young (7168K), 7 survivors (7168K)
 Metaspace       used 63456K, committed 64128K, reserved 1114112K
  class space    used 9012K, committed 9280K, reserved 1048576K
}
Event: 7.571 GC heap before
{Heap before GC invocations=24 (full 0):
 garbage-first heap   total reserved 1536000K, committed 107520K, used 89846K [0x00000000a2400000, 0x0000000100000000)
  region size 1024K, 59 young (60416K), 7 survivors (7168K)
 Metaspace       used 63827K, committed 64512K, reserved 1114112K
  class space    used 9075K, committed 9344K, reserved 1048576K
}
Event: 7.579 GC heap after
{Heap after GC invocations=25 (full 0):
 garbage-first heap   total reserved 1536000K, committed 107520K, used 40856K [0x00000000a2400000, 0x0000000100000000)
  region size 1024K, 8 young (8192K), 8 survivors (8192K)
 Metaspace       used 63827K, committed 64512K, reserved 1114112K
  class space    used 9075K, committed 9344K, reserved 1048576K
}
Event: 30.466 GC heap before
{Heap before GC invocations=25 (full 0):
 garbage-first heap   total reserved 1536000K, committed 107520K, used 88984K [0x00000000a2400000, 0x0000000100000000)
  region size 1024K, 56 young (57344K), 8 survivors (8192K)
 Metaspace       used 68242K, committed 68992K, reserved 1114112K
  class space    used 9704K, committed 10048K, reserved 1048576K
}
Event: 30.481 GC heap after
{Heap after GC invocations=26 (full 0):
 garbage-first heap   total reserved 1536000K, committed 107520K, used 43352K [0x00000000a2400000, 0x0000000100000000)
  region size 1024K, 6 young (6144K), 6 survivors (6144K)
 Metaspace       used 68242K, committed 68992K, reserved 1114112K
  class space    used 9704K, committed 10048K, reserved 1048576K
}

Dll operation events (12 events):
Event: 0.018 Loaded shared library C:\Program Files\Java\jdk-23\bin\java.dll
Event: 0.308 Loaded shared library C:\Program Files\Java\jdk-23\bin\zip.dll
Event: 0.315 Loaded shared library C:\Program Files\Java\jdk-23\bin\instrument.dll
Event: 0.322 Loaded shared library C:\Program Files\Java\jdk-23\bin\net.dll
Event: 0.324 Loaded shared library C:\Program Files\Java\jdk-23\bin\nio.dll
Event: 0.338 Loaded shared library C:\Program Files\Java\jdk-23\bin\zip.dll
Event: 0.636 Loaded shared library C:\Program Files\Java\jdk-23\bin\jimage.dll
Event: 0.699 Loaded shared library C:\Program Files\Java\jdk-23\bin\management.dll
Event: 0.714 Loaded shared library C:\Program Files\Java\jdk-23\bin\management_ext.dll
Event: 1.033 Loaded shared library C:\Program Files\Java\jdk-23\bin\extnet.dll
Event: 1.058 Loaded shared library C:\Program Files\Java\jdk-23\bin\verify.dll
Event: 2.302 Loaded shared library C:\Program Files\Java\jdk-23\bin\sunmscapi.dll

Deoptimization events (20 events):
Event: 43.762 Thread 0x00000222c749d730 DEOPT PACKING pc=0x00000222ea659a5c sp=0x0000005f383fd730
Event: 43.762 Thread 0x00000222c749d730 DEOPT UNPACKING pc=0x00000222ea144b22 sp=0x0000005f383fcbf0 mode 1
Event: 43.762 Thread 0x00000222c749d730 DEOPT PACKING pc=0x00000222ea658c34 sp=0x0000005f383fd7a0
Event: 43.762 Thread 0x00000222c749d730 DEOPT UNPACKING pc=0x00000222ea144b22 sp=0x0000005f383fcc60 mode 1
Event: 43.762 Thread 0x00000222c749d730 DEOPT PACKING pc=0x00000222eaa6d9cc sp=0x0000005f383fd810
Event: 43.762 Thread 0x00000222c749d730 DEOPT UNPACKING pc=0x00000222ea144b22 sp=0x0000005f383fccb0 mode 1
Event: 43.762 Thread 0x00000222c749d730 DEOPT PACKING pc=0x00000222ea68d44c sp=0x0000005f383fd860
Event: 43.762 Thread 0x00000222c749d730 DEOPT UNPACKING pc=0x00000222ea144b22 sp=0x0000005f383fcd28 mode 1
Event: 43.762 Thread 0x00000222c749d730 DEOPT PACKING pc=0x00000222ea7e74d4 sp=0x0000005f383fd8d0
Event: 43.762 Thread 0x00000222c749d730 DEOPT UNPACKING pc=0x00000222ea144b22 sp=0x0000005f383fcdb8 mode 1
Event: 43.762 Thread 0x00000222c749d730 DEOPT PACKING pc=0x00000222eaad1614 sp=0x0000005f383fda60
Event: 43.762 Thread 0x00000222c749d730 DEOPT UNPACKING pc=0x00000222ea144b22 sp=0x0000005f383fcf10 mode 1
Event: 43.762 Thread 0x00000222c749d730 DEOPT PACKING pc=0x00000222ea780544 sp=0x0000005f383fdac0
Event: 43.762 Thread 0x00000222c749d730 DEOPT UNPACKING pc=0x00000222ea144b22 sp=0x0000005f383fcf60 mode 1
Event: 43.762 Thread 0x00000222c749d730 DEOPT PACKING pc=0x00000222ea9bab9c sp=0x0000005f383fdb20
Event: 43.762 Thread 0x00000222c749d730 DEOPT UNPACKING pc=0x00000222ea144b22 sp=0x0000005f383fd028 mode 1
Event: 43.762 Thread 0x00000222c749d730 DEOPT PACKING pc=0x00000222ea9bbef4 sp=0x0000005f383fdcc0
Event: 43.762 Thread 0x00000222c749d730 DEOPT UNPACKING pc=0x00000222ea144b22 sp=0x0000005f383fd1b0 mode 1
Event: 102.545 Thread 0x00000222c749afd0 DEOPT PACKING pc=0x00000222eaad1614 sp=0x0000005f386fd930
Event: 102.545 Thread 0x00000222c749afd0 DEOPT UNPACKING pc=0x00000222ea144b22 sp=0x0000005f386fcdd8 mode 0

Classes loaded (20 events):
Event: 22.154 Loading class java/text/ParsePosition
Event: 22.154 Loading class java/text/ParsePosition done
Event: 22.154 Loading class java/time/format/DateTimeParseContext
Event: 22.154 Loading class java/time/format/DateTimeParseContext done
Event: 22.155 Loading class java/time/format/Parsed
Event: 22.155 Loading class java/time/format/Parsed done
Event: 29.789 Loading class javax/xml/datatype/XMLGregorianCalendar
Event: 29.789 Loading class javax/xml/datatype/XMLGregorianCalendar done
Event: 29.818 Loading class jdk/internal/loader/BootLoader$PackageHelper
Event: 29.818 Loading class jdk/internal/loader/BootLoader$PackageHelper done
Event: 30.552 Loading class java/util/Formatter$FormatSpecifierParser
Event: 30.552 Loading class java/util/Formatter$FormatSpecifierParser done
Event: 30.552 Loading class jdk/internal/math/FormattedFPDecimal
Event: 30.552 Loading class jdk/internal/math/FormattedFPDecimal done
Event: 30.586 Loading class java/util/stream/LongStream
Event: 30.586 Loading class java/util/stream/LongStream done
Event: 30.587 Loading class java/util/stream/DoubleStream
Event: 30.587 Loading class java/util/stream/DoubleStream done
Event: 43.723 Loading class java/util/regex/Pattern$Bound
Event: 43.723 Loading class java/util/regex/Pattern$Bound done

Classes unloaded (0 events):
No events

Classes redefined (0 events):
No events

Internal exceptions (20 events):
Event: 7.435 Thread 0x00000222c749ddc0 Exception <a 'sun/nio/fs/WindowsException'{0x00000000a80a0008}> (0x00000000a80a0008) 
thrown [s\open\src\hotspot\share\prims\jni.cpp, line 520]
Event: 7.435 Thread 0x00000222c749ddc0 Exception <a 'sun/nio/fs/WindowsException'{0x00000000a80a0358}> (0x00000000a80a0358) 
thrown [s\open\src\hotspot\share\prims\jni.cpp, line 520]
Event: 7.435 Thread 0x00000222c749ddc0 Exception <a 'sun/nio/fs/WindowsException'{0x00000000a80a0d10}> (0x00000000a80a0d10) 
thrown [s\open\src\hotspot\share\prims\jni.cpp, line 520]
Event: 7.435 Thread 0x00000222c749ddc0 Exception <a 'sun/nio/fs/WindowsException'{0x00000000a80a1070}> (0x00000000a80a1070) 
thrown [s\open\src\hotspot\share\prims\jni.cpp, line 520]
Event: 7.435 Thread 0x00000222c749ddc0 Exception <a 'sun/nio/fs/WindowsException'{0x00000000a80a1a20}> (0x00000000a80a1a20) 
thrown [s\open\src\hotspot\share\prims\jni.cpp, line 520]
Event: 7.435 Thread 0x00000222c749ddc0 Exception <a 'sun/nio/fs/WindowsException'{0x00000000a80a1d80}> (0x00000000a80a1d80) 
thrown [s\open\src\hotspot\share\prims\jni.cpp, line 520]
Event: 7.555 Thread 0x00000222df7af590 Exception <a 'java/lang/NoSuchMethodError'{0x00000000a57ea548}: 'void java.lang.invoke.DirectMethodHandle$Holder.invokeVirtual(java.lang.Object, java.lang.Object, long)'> (0x00000000a57ea548) 
thrown [s\open\src\hotspot\share\interpreter\linkResolver.cpp, line 796]
Event: 7.634 Thread 0x00000222df7af590 Exception <a 'java/lang/NoSuchMethodError'{0x00000000a82f7e30}: 'int java.lang.invoke.DirectMethodHandle$Holder.invokeStaticInit(java.lang.Object, java.lang.Object, java.lang.Object, java.lang.Object)'> (0x00000000a82f7e30) 
thrown [s\open\src\hotspot\share\interpreter\linkResolver.cpp, line 796]
Event: 7.669 Thread 0x00000222df7af590 Exception <a 'java/lang/IncompatibleClassChangeError'{0x00000000a7fd68f0}: Found class java.lang.Object, but interface was expected> (0x00000000a7fd68f0) 
thrown [s\open\src\hotspot\share\interpreter\linkResolver.cpp, line 863]
Event: 7.736 Thread 0x00000222df7af590 Exception <a 'java/lang/NoSuchMethodError'{0x00000000a781ce88}: 'java.lang.Object java.lang.invoke.DirectMethodHandle$Holder.newInvokeSpecial(java.lang.Object, java.lang.Object, int, java.lang.Object, java.lang.Object)'> (0x00000000a781ce88) 
thrown [s\open\src\hotspot\share\interpreter\linkResolver.cpp, line 796]
Event: 21.923 Thread 0x00000222c7498870 Exception <a 'java/lang/NoSuchMethodError'{0x00000000a717df60}: 'java.lang.Object java.lang.invoke.DirectMethodHandle$Holder.invokeSpecial(java.lang.Object, java.lang.Object, java.lang.Object, java.lang.Object, java.lang.Object, long)'> (0x00000000a717df60) 
thrown [s\open\src\hotspot\share\interpreter\linkResolver.cpp, line 796]
Event: 21.923 Thread 0x00000222c7498870 Exception <a 'java/lang/NoSuchMethodError'{0x00000000a7181748}: 'java.lang.Object java.lang.invoke.Invokers$Holder.linkToTargetMethod(java.lang.Object, java.lang.Object, java.lang.Object, long, java.lang.Object)'> (0x00000000a7181748) 
thrown [s\open\src\hotspot\share\interpreter\linkResolver.cpp, line 796]
Event: 22.158 Thread 0x00000222c7498870 Exception <a 'java/lang/NoSuchMethodError'{0x00000000a5f14348}: 'java.lang.Object java.lang.invoke.DirectMethodHandle$Holder.newInvokeSpecial(java.lang.Object, java.lang.Object, java.lang.Object, java.lang.Object, int)'> (0x00000000a5f14348) 
thrown [s\open\src\hotspot\share\interpreter\linkResolver.cpp, line 796]
Event: 22.159 Thread 0x00000222c7498870 Exception <a 'java/lang/NoSuchMethodError'{0x00000000a5f18630}: 'java.lang.Object java.lang.invoke.DirectMethodHandle$Holder.invokeSpecial(java.lang.Object, java.lang.Object, java.lang.Object, java.lang.Object, java.lang.Object, int)'> (0x00000000a5f18630) 
thrown [s\open\src\hotspot\share\interpreter\linkResolver.cpp, line 796]
Event: 22.159 Thread 0x00000222c7498870 Exception <a 'java/lang/NoSuchMethodError'{0x00000000a5f1c4f8}: 'java.lang.Object java.lang.invoke.DelegatingMethodHandle$Holder.reinvoke_L(java.lang.Object, java.lang.Object, java.lang.Object, java.lang.Object, int)'> (0x00000000a5f1c4f8) 
thrown [s\open\src\hotspot\share\interpreter\linkResolver.cpp, line 796]
Event: 30.461 Thread 0x00000222c7498870 Exception <a 'java/lang/NoSuchMethodError'{0x00000000a59bdea8}: 'int java.lang.invoke.Invokers$Holder.invokeExact_MT(java.lang.Object, java.lang.Object, java.lang.Object)'> (0x00000000a59bdea8) 
thrown [s\open\src\hotspot\share\interpreter\linkResolver.cpp, line 796]
Event: 30.497 Thread 0x00000222c7498870 Exception <a 'java/lang/NoSuchMethodError'{0x00000000a870b948}: 'int java.lang.invoke.DirectMethodHandle$Holder.invokeStatic(java.lang.Object, java.lang.Object, int, int)'> (0x00000000a870b948) 
thrown [s\open\src\hotspot\share\interpreter\linkResolver.cpp, line 796]
Event: 30.523 Thread 0x00000222c7498870 Exception <a 'java/lang/NoSuchMethodError'{0x00000000a86b5350}: 'java.lang.Object java.lang.invoke.DirectMethodHandle$Holder.invokeInterface(java.lang.Object, java.lang.Object, java.lang.Object, java.lang.Object)'> (0x00000000a86b5350) 
thrown [s\open\src\hotspot\share\interpreter\linkResolver.cpp, line 796]
Event: 43.666 Thread 0x00000222c749d730 Exception <a 'java/lang/IncompatibleClassChangeError'{0x00000000a734cbd8}: Found class java.lang.Object, but interface was expected> (0x00000000a734cbd8) 
thrown [s\open\src\hotspot\share\interpreter\linkResolver.cpp, line 863]
Event: 43.747 Thread 0x00000222c749d730 Exception <a 'java/lang/NoSuchMethodError'{0x00000000a6b4e090}: 'void java.lang.invoke.Invokers$Holder.invokeExact_MT(java.lang.Object, java.lang.Object, int, java.lang.Object)'> (0x00000000a6b4e090) 
thrown [s\open\src\hotspot\share\interpreter\linkResolver.cpp, line 796]

VM Operations (20 events):
Event: 103.280 Executing VM operation: get/set locals
Event: 103.280 Executing VM operation: get/set locals done
Event: 103.281 Executing VM operation: get/set locals
Event: 103.281 Executing VM operation: get/set locals done
Event: 103.282 Executing VM operation: get/set locals
Event: 103.282 Executing VM operation: get/set locals done
Event: 103.283 Executing VM operation: get/set locals
Event: 103.283 Executing VM operation: get/set locals done
Event: 103.283 Executing VM operation: get/set locals
Event: 103.283 Executing VM operation: get/set locals done
Event: 103.284 Executing VM operation: get/set locals
Event: 103.284 Executing VM operation: get/set locals done
Event: 103.284 Executing VM operation: get/set locals
Event: 103.284 Executing VM operation: get/set locals done
Event: 103.285 Executing VM operation: get/set locals
Event: 103.285 Executing VM operation: get/set locals done
Event: 103.285 Executing VM operation: get/set locals
Event: 103.286 Executing VM operation: get/set locals done
Event: 110.115 Executing VM operation: ChangeSingleStep
Event: 110.115 Executing VM operation: ChangeSingleStep done

Memory protections (0 events):
No events

Nmethod flushes (20 events):
Event: 6.675 Thread 0x00000222f1b55020 flushing  nmethod 0x00000222ea836788
Event: 6.675 Thread 0x00000222f1b55020 flushing  nmethod 0x00000222ea8c2c08
Event: 6.675 Thread 0x00000222f1b55020 flushing  nmethod 0x00000222ea543988
Event: 6.675 Thread 0x00000222f1b55020 flushing  nmethod 0x00000222ea5b9608
Event: 6.675 Thread 0x00000222f1b55020 flushing  nmethod 0x00000222ea76bf08
Event: 6.675 Thread 0x00000222f1b55020 flushing  nmethod 0x00000222ea7d5d08
Event: 6.675 Thread 0x00000222f1b55020 flushing  nmethod 0x00000222ea827288
Event: 6.675 Thread 0x00000222f1b55020 flushing  nmethod 0x00000222ea845608
Event: 6.675 Thread 0x00000222f1b55020 flushing  nmethod 0x00000222ea8fa808
Event: 6.675 Thread 0x00000222f1b55020 flushing  nmethod 0x00000222ea8fbf08
Event: 6.675 Thread 0x00000222f1b55020 flushing  nmethod 0x00000222ea622588
Event: 6.675 Thread 0x00000222f1b55020 flushing  nmethod 0x00000222ea7e7888
Event: 6.675 Thread 0x00000222f1b55020 flushing  nmethod 0x00000222ea86dc08
Event: 6.675 Thread 0x00000222f1b55020 flushing  nmethod 0x00000222ea417d88
Event: 6.675 Thread 0x00000222f1b55020 flushing  nmethod 0x00000222ea580988
Event: 6.675 Thread 0x00000222f1b55020 flushing  nmethod 0x00000222ea678308
Event: 6.675 Thread 0x00000222f1b55020 flushing  nmethod 0x00000222ea6c1408
Event: 6.675 Thread 0x00000222f1b55020 flushing  nmethod 0x00000222ea789508
Event: 6.675 Thread 0x00000222f1b55020 flushing  nmethod 0x00000222ea81d188
Event: 6.675 Thread 0x00000222f1b55020 flushing  nmethod 0x00000222ea973d88

Events (20 events):
Event: 7.524 Thread 0x00000222c843e920 Thread exited: 0x00000222c843e920
Event: 7.746 Thread 0x00000222df7af590 Thread added: 0x00000222c7498870
Event: 7.747 Thread 0x00000222df7af590 Thread added: 0x00000222c749d730
Event: 7.747 Thread 0x00000222df7af590 Thread added: 0x00000222c749a940
Event: 7.747 Thread 0x00000222df7af590 Thread added: 0x00000222c749ca10
Event: 7.747 Thread 0x00000222df7af590 Thread added: 0x00000222c749afd0
Event: 7.747 Thread 0x00000222df7af590 Thread added: 0x00000222c749c380
Event: 7.747 Thread 0x00000222df7af590 Thread added: 0x00000222c7498f00
Event: 7.747 Thread 0x00000222df7af590 Thread added: 0x00000222c749d0a0
Event: 7.747 Thread 0x00000222df7af590 Thread added: 0x00000222c749ddc0
Event: 7.747 Thread 0x00000222df7af590 Thread added: 0x00000222c749f170
Event: 7.768 Thread 0x00000222df7af590 Thread added: 0x00000222c74981e0
Event: 7.772 Thread 0x00000222df7af590 Thread added: 0x00000222c7499590
Event: 7.800 Thread 0x00000222df7af590 Thread exited: 0x00000222df7af590
Event: 7.800 Thread 0x00000222c5a5d5c0 Thread added: 0x00000222c5a5d5c0
Event: 8.784 Thread 0x00000222c5b379a0 Thread exited: 0x00000222c5b379a0
Event: 9.498 Thread 0x00000222c7499c20 Thread exited: 0x00000222c7499c20
Event: 9.783 Thread 0x00000222c50c64c0 Thread exited: 0x00000222c50c64c0
Event: 13.779 Thread 0x00000222c50c5e00 Thread exited: 0x00000222c50c5e00
Event: 91.586 Thread 0x00000222c6139060 Thread exited: 0x00000222c6139060


Dynamic libraries:
0x00007ff797b50000 - 0x00007ff797b60000 	C:\Program Files\Java\jdk-23\bin\javaw.exe
0x00007ffcfff70000 - 0x00007ffd00187000 	C:\Windows\SYSTEM32\ntdll.dll
0x00007ffcfe640000 - 0x00007ffcfe704000 	C:\Windows\System32\KERNEL32.DLL
0x00007ffcfd5b0000 - 0x00007ffcfd967000 	C:\Windows\System32\KERNELBASE.dll
0x00007ffcfd490000 - 0x00007ffcfd5a1000 	C:\Windows\System32\ucrtbase.dll
0x00007ffcef5e0000 - 0x00007ffcef5fb000 	C:\Program Files\Java\jdk-23\bin\VCRUNTIME140.dll
0x00007ffcef5c0000 - 0x00007ffcef5d7000 	C:\Program Files\Java\jdk-23\bin\jli.dll
0x00007ffcffcb0000 - 0x00007ffcffe5f000 	C:\Windows\System32\USER32.dll
0x00007ffce4f50000 - 0x00007ffce51e3000 	C:\Windows\WinSxS\amd64_microsoft.windows.common-controls_6595b64144ccf1df_6.0.22621.3672_none_2713b9d173822955\COMCTL32.dll
0x00007ffcfdc70000 - 0x00007ffcfdc96000 	C:\Windows\System32\win32u.dll
0x00007ffcfdda0000 - 0x00007ffcfde47000 	C:\Windows\System32\msvcrt.dll
0x00007ffcfe290000 - 0x00007ffcfe2b9000 	C:\Windows\System32\GDI32.dll
0x00007ffcfd300000 - 0x00007ffcfd418000 	C:\Windows\System32\gdi32full.dll
0x00007ffcfd970000 - 0x00007ffcfda0a000 	C:\Windows\System32\msvcp_win.dll
0x00007ffcfec50000 - 0x00007ffcfec81000 	C:\Windows\System32\IMM32.DLL
0x00007ffceefb0000 - 0x00007ffceefbc000 	C:\Program Files\Java\jdk-23\bin\vcruntime140_1.dll
0x00007ffcea4b0000 - 0x00007ffcea53e000 	C:\Program Files\Java\jdk-23\bin\msvcp140.dll
0x00007ffcc02e0000 - 0x00007ffcc102f000 	C:\Program Files\Java\jdk-23\bin\server\jvm.dll
0x00007ffcfe0b0000 - 0x00007ffcfe162000 	C:\Windows\System32\ADVAPI32.dll
0x00007ffcff6d0000 - 0x00007ffcff778000 	C:\Windows\System32\sechost.dll
0x00007ffcfda10000 - 0x00007ffcfda38000 	C:\Windows\System32\bcrypt.dll
0x00007ffcfe170000 - 0x00007ffcfe284000 	C:\Windows\System32\RPCRT4.dll
0x00007ffcffe90000 - 0x00007ffcfff01000 	C:\Windows\System32\WS2_32.dll
0x00007ffcfcfa0000 - 0x00007ffcfcfed000 	C:\Windows\SYSTEM32\POWRPROF.dll
0x00007ffcfab20000 - 0x00007ffcfab54000 	C:\Windows\SYSTEM32\WINMM.dll
0x00007ffcf35f0000 - 0x00007ffcf35fa000 	C:\Windows\SYSTEM32\VERSION.dll
0x00007ffcfced0000 - 0x00007ffcfcee3000 	C:\Windows\SYSTEM32\UMPDC.dll
0x00007ffcfc1f0000 - 0x00007ffcfc208000 	C:\Windows\SYSTEM32\kernel.appcore.dll
0x00007ffceec00000 - 0x00007ffceec0a000 	C:\Program Files\Java\jdk-23\bin\jimage.dll
0x00007ffcfa8e0000 - 0x00007ffcfab12000 	C:\Windows\SYSTEM32\DBGHELP.DLL
0x00007ffcfe8c0000 - 0x00007ffcfec4e000 	C:\Windows\System32\combase.dll
0x00007ffcfecf0000 - 0x00007ffcfedc7000 	C:\Windows\System32\OLEAUT32.dll
0x00007ffcfa8a0000 - 0x00007ffcfa8d2000 	C:\Windows\SYSTEM32\dbgcore.DLL
0x00007ffcfd280000 - 0x00007ffcfd2fb000 	C:\Windows\System32\bcryptPrimitives.dll
0x00007ffcee2d0000 - 0x00007ffcee30c000 	C:\Program Files\Java\jdk-23\bin\jdwp.dll
0x00007ffcee0c0000 - 0x00007ffcee0cf000 	C:\Program Files\Java\jdk-23\bin\instrument.dll
0x00007ffcee0a0000 - 0x00007ffcee0be000 	C:\Program Files\Java\jdk-23\bin\java.dll
0x00007ffcfe710000 - 0x00007ffcfe8b5000 	C:\Windows\System32\ole32.dll
0x00007ffcfedd0000 - 0x00007ffcff639000 	C:\Windows\System32\SHELL32.dll
0x00007ffcfb1a0000 - 0x00007ffcfba9f000 	C:\Windows\SYSTEM32\windows.storage.dll
0x00007ffcfb060000 - 0x00007ffcfb19f000 	C:\Windows\SYSTEM32\wintypes.dll
0x00007ffcfdca0000 - 0x00007ffcfdd99000 	C:\Windows\System32\SHCORE.dll
0x00007ffcfe2c0000 - 0x00007ffcfe31e000 	C:\Windows\System32\shlwapi.dll
0x00007ffcfd1b0000 - 0x00007ffcfd1d7000 	C:\Windows\SYSTEM32\profapi.dll
0x00007ffced8f0000 - 0x00007ffced8fc000 	C:\Program Files\Java\jdk-23\bin\dt_socket.dll
0x00007ffcfbd00000 - 0x00007ffcfbd2d000 	C:\Windows\SYSTEM32\IPHLPAPI.DLL
0x00007ffcfc6f0000 - 0x00007ffcfc759000 	C:\Windows\system32\mswsock.dll
0x00007ffcfbd70000 - 0x00007ffcfbe72000 	C:\Windows\SYSTEM32\DNSAPI.dll
0x00007ffcfff10000 - 0x00007ffcfff19000 	C:\Windows\System32\NSI.dll
0x00007ffceb010000 - 0x00007ffceb01a000 	C:\Windows\System32\rasadhlp.dll
0x00007ffcf73f0000 - 0x00007ffcf7473000 	C:\Windows\System32\fwpuclnt.dll
0x00007ffced810000 - 0x00007ffced827000 	C:\Program Files\Java\jdk-23\bin\zip.dll
0x00007ffced8e0000 - 0x00007ffced8f0000 	C:\Program Files\Java\jdk-23\bin\net.dll
0x00007ffced170000 - 0x00007ffced186000 	C:\Program Files\Java\jdk-23\bin\nio.dll
0x00007ffced800000 - 0x00007ffced80a000 	C:\Program Files\Java\jdk-23\bin\management.dll
0x00007ffced5b0000 - 0x00007ffced5bb000 	C:\Program Files\Java\jdk-23\bin\management_ext.dll
0x00007ffcffe60000 - 0x00007ffcffe68000 	C:\Windows\System32\PSAPI.DLL
0x00007ffcf4cd0000 - 0x00007ffcf4ce7000 	C:\Windows\system32\napinsp.dll
0x00007ffcf4b60000 - 0x00007ffcf4b7b000 	C:\Windows\system32\pnrpnsp.dll
0x00007ffcf4b40000 - 0x00007ffcf4b51000 	C:\Windows\System32\winrnr.dll
0x00007ffcf7480000 - 0x00007ffcf7495000 	C:\Windows\system32\wshbth.dll
0x00007ffcac180000 - 0x00007ffcac1a7000 	C:\Windows\system32\nlansp_c.dll
0x00007ffcfca40000 - 0x00007ffcfca5b000 	C:\Windows\SYSTEM32\CRYPTSP.dll
0x00007ffcfc210000 - 0x00007ffcfc245000 	C:\Windows\system32\rsaenh.dll
0x00007ffcfc790000 - 0x00007ffcfc7b8000 	C:\Windows\SYSTEM32\USERENV.dll
0x00007ffcfca20000 - 0x00007ffcfca2c000 	C:\Windows\SYSTEM32\CRYPTBASE.dll
0x00007ffcec4f0000 - 0x00007ffcec4f9000 	C:\Program Files\Java\jdk-23\bin\extnet.dll
0x00007ffcec4e0000 - 0x00007ffcec4f0000 	C:\Program Files\Java\jdk-23\bin\verify.dll
0x00007ffcec4d0000 - 0x00007ffcec4de000 	C:\Program Files\Java\jdk-23\bin\sunmscapi.dll
0x00007ffcfda40000 - 0x00007ffcfdba6000 	C:\Windows\System32\CRYPT32.dll
0x00007ffcfcbc0000 - 0x00007ffcfcbed000 	C:\Windows\SYSTEM32\ncrypt.dll
0x00007ffcfcb80000 - 0x00007ffcfcbb7000 	C:\Windows\SYSTEM32\NTASN1.dll
0x00007ffcaaef0000 - 0x00007ffcaaef8000 	C:\Windows\system32\wshunix.dll

dbghelp: loaded successfully - version: 4.0.5 - missing functions: none
symbol engine: initialized successfully - sym options: 0x614 - pdb path: .;C:\Program Files\Java\jdk-23\bin;C:\Windows\SYSTEM32;C:\Windows\WinSxS\amd64_microsoft.windows.common-controls_6595b64144ccf1df_6.0.22621.3672_none_2713b9d173822955;C:\Program Files\Java\jdk-23\bin\server

VM Arguments:
jvm_args: -XX:+ShowCodeDetailsInExceptionMessages -agentlib:jdwp=transport=dt_socket,suspend=y,address=localhost:57146 -Dcom.sun.management.jmxremote -Dcom.sun.management.jmxremote.port=57145 -Dcom.sun.management.jmxremote.authenticate=false -Dcom.sun.management.jmxremote.ssl=false -Djava.rmi.server.hostname=localhost -Dspring.jmx.enabled=true -Dmanagement.endpoints.jmx.exposure.include=* -Dspring.application.admin.enabled=true -XX:TieredStopAtLevel=1 -Dspring.boot.project.name=glowfoxmanagement -javaagent:C:\Users\Rakes\.eclipse\org.eclipse.platform_4.33.0_856254806_win32_win32_x86_64\configuration\org.eclipse.osgi\271\0\.cp\lib\javaagent-shaded.jar -Dfile.encoding=UTF-8 -Dstdout.encoding=UTF-8 -Dstderr.encoding=UTF-8 
java_command: com.glowfox.app.Application --spring.output.ansi.enabled=always
java_class_path (initial): C:\Rakesh\development\projects\com.glowfox.app\com.glowfox.app\target\classes;C:\Program Files\extracted softwares\sts-4.26.0.RELEASE\plugins\org.junit_4.13.2.v20230809-1000.jar;C:\Program Files\extracted softwares\sts-4.26.0.RELEASE\plugins\org.hamcrest_3.0.0.jar;C:\Program Files\extracted softwares\sts-4.26.0.RELEASE\plugins\org.hamcrest.core_2.2.0.v20230809-1000.jar;C:\Users\Rakes\.m2\repository\org\springframework\boot\spring-boot-starter-web\3.3.4\spring-boot-starter-web-3.3.4.jar;C:\Users\Rakes\.m2\repository\org\springframework\boot\spring-boot-starter\3.3.4\spring-boot-starter-3.3.4.jar;C:\Users\Rakes\.m2\repository\org\springframework\boot\spring-boot\3.3.4\spring-boot-3.3.4.jar;C:\Users\Rakes\.m2\repository\org\springframework\boot\spring-boot-autoconfigure\3.3.4\spring-boot-autoconfigure-3.3.4.jar;C:\Users\Rakes\.m2\repository\org\springframework\boot\spring-boot-starter-logging\3.3.4\spring-boot-starter-logging-3.3.4.jar;C:\Users\Rakes\.m2\repository\ch\qos\logback\logback-classic\1.5.8\logback-classic-1.5.8.jar;C:\Users\Rakes\.m2\repository\ch\qos\logback\logback-core\1.5.8\logback-core-1.5.8.jar;C:\Users\Rakes\.m2\repository\org\apache\logging\log4j\log4j-to-slf4j\2.23.1\log4j-to-slf4j-2.23.1.jar;C:\Users\Rakes\.m2\repository\org\apache\logging\log4j\log4j-api\2.23.1\log4j-api-2.23.1.jar;C:\Users\Rakes\.m2\repository\org\slf4j\jul-to-slf4j\2.0.16\jul-to-slf4j-2.0.16.jar;C:\Users\Rakes\.m2\repository\jakarta\annotation\jakarta.annotation-api\2.1.1\jakarta.annotation-api-2.1.1.jar;C:\Users\Rakes\.m2\repository\org\yaml\snakeyaml\2.2\snakeyaml-2.2.jar;C:\Users\Rakes\.m2\repository\org\springframework\boot\spring-boot-starter-json\3.3.4\spring-boot-starter-json-3.3.4.jar;C:\Users\Rakes\.m2\repository\com\fasterxml\jackson\core\jackson-databind\2.17.2\jackson-databind-2.17.2.jar;C:\Users\Rakes\.m2\repository\com\fasterxml\jackson\core\jackson-annotations\2.17.2\jackson-annotations-2.17.2.jar;C:\Users\Rakes\.m2\repository\com\fasterxml\jackson\datatype\jackson-datatype-jdk8\2.17.2\jackson-datatype-jdk8-2.17.2.jar;C:\Users\Rakes\.m2\repository\com\fasterxml\jackson\datatype\jackson-datatype-jsr310\2.17.2\jackson-datatype-jsr310-2.17.2.jar;C:\Users\Rakes\.m2\repository\com\fasterxml\jackson\module\jackson-module-parameter-names\2.17.2\jackson-module-parameter-names-2.17.2.jar;C:\Users\Rakes\.m2\repository\org\springframework\boot\spring-boot-starter-tomcat\3.3.4\spring-boot-starter-tomcat-3.3.4.jar;C:\Users\Rakes\.m2\repository\org\apache\tomcat\embed\tomcat-embed-core\10.1.30\tomcat-embed-core-10.1.30.jar;C:\Users\Rakes\.m2\repository\org\apache\tomcat\embed\tomcat-embed-el\10.1.30\tomcat-embed-el-10.1.30.jar;C:\Users\Rakes\.m2\repository\org\apache\tomcat\embed\tomcat-embed-websocket\10.1.30\tomcat-embed-websocket-10.1.30.jar;C:\Users\Rakes\.m2\repository\org\springframework\spring-web\6.1.13\spring-web-6.1.13.jar;C:\Users\Rakes\.m2\repository\io\micrometer\micrometer-observation\1.13.4\micrometer-observation-1.13.4.jar;C:\Users\Rakes\.m2\repository\io\micrometer\micrometer-commons\1.13.4\micrometer-commons-1.13.4.jar;C:\Users\Rakes\.m2\repository\org\springframework\spring-webmvc\6.1.13\spring-webmvc-6.1.13.jar;C:\Users\Rakes\.m2\repository\org\springframework\spring-expression\6.1.13\spring-expression-6.1.13.jar;C:\Users\Rakes\.m2\repository\jakarta\servlet\jakarta.servlet-api\6.0.0\jakarta.servlet-api-6.0.0.jar;C:\Users\Rakes\.m2\repository\org\springframework\plugin\spring-plugin-core\1.2.0.RELEASE\spring-plugin-core-1.2.0.RELEASE.jar;C:\Users\Rakes\.m2\repository\org\springframework\spring-beans\6.1.13\spring-beans-6.1.13.jar;C:\Users\Rakes\.m2\repository\org\springframework\spring-context\6.1.13\spring-context-6.1.13.jar;C:\Users\Rakes\.m2\repository\org\springframework\spring-aop\6.1.13\spring-aop-6.1.13.jar;C:\Users\Rakes\.m2\repository\org\slf4j\slf4j-api\2.0.16\slf4j-api-2.0.16.jar;C:\Users\Rakes\.m2\repository\org\springframework\boot\spring-boot-starter-data-jpa\3.3.4\spring-boot-starter-data-jpa-3.3.4.jar;C:\Users\Rakes\.m2\repository\org\springframework\boot\spring-boot-starter-aop\3.3.4\spring-boot-starter-aop-3.3.4.jar;C:\Users\Rakes\.m2\repository\org\aspectj\aspectjweaver\1.9.22.1\aspectjweaver-1.9.22.1.jar;C:\Users\Rakes\.m2\repository\org\springframework\boot\spring-boot-starter-jdbc\3.3.4\spring-boot-starter-jdbc-3.3.4.jar;C:\Users\Rakes\.m2\repository\com\zaxxer\HikariCP\5.1.0\HikariCP-5.1.0.jar;C:\Users\Rakes\.m2\repository\org\springframework\spring-jdbc\6.1.13\spring-jdbc-6.1.13.jar;C:\Users\Rakes\.m2\repository\org\hibernate\orm\hibernate-core\6.5.3.Final\hibernate-core-6.5.3.Final.jar;C:\Users\Rakes\.m2\repository\jakarta\persistence\jakarta.persistence-api\3.1.0\jakarta.persistence-api-3.1.0.jar;C:\Users\Rakes\.m2\repository\jakarta\transaction\jakarta.transaction-api\2.0.1\jakarta.transaction-api-2.0.1.jar;C:\Users\Rakes\.m2\repository\org\jboss\logging\jboss-logging\3.5.3.Final\jboss-logging-3.5.3.Final.jar;C:\Users\Rakes\.m2\repository\org\hibernate\common\hibernate-commons-annotations\6.0.6.Final\hibernate-commons-annotations-6.0.6.Final.jar;C:\Users\Rakes\.m2\repository\io\smallrye\jandex\3.1.2\jandex-3.1.2.jar;C:\Users\Rakes\.m2\repository\com\fasterxml\classmate\1.7.0\classmate-1.7.0.jar;C:\Users\Rakes\.m2\repository\net\bytebuddy\byte-buddy\1.14.19\byte-buddy-1.14.19.jar;C:\Users\Rakes\.m2\repository\org\glassfish\jaxb\jaxb-runtime\4.0.5\jaxb-runtime-4.0.5.jar;C:\Users\Rakes\.m2\repository\org\glassfish\jaxb\jaxb-core\4.0.5\jaxb-core-4.0.5.jar;C:\Users\Rakes\.m2\repository\org\eclipse\angus\angus-activation\2.0.2\angus-activation-2.0.2.jar;C:\Users\Rakes\.m2\repository\org\glassfish\jaxb\txw2\4.0.5\txw2-4.0.5.jar;C:\Users\Rakes\.m2\repository\com\sun\istack\istack-commons-runtime\4.1.2\istack-commons-runtime-4.1.2.jar;C:\Users\Rakes\.m2\repository\jakarta\inject\jakarta.inject-api\2.0.1\jakarta.inject-api-2.0.1.jar;C:\Users\Rakes\.m2\repository\org\antlr\antlr4-runtime\4.13.0\antlr4-runtime-4.13.0.jar;C:\Users\Rakes\.m2\repository\org\springframework\data\spring-data-jpa\3.3.4\spring-data-jpa-3.3.4.jar;C:\Users\Rakes\.m2\repository\org\springframework\data\spring-data-commons\3.3.4\spring-data-commons-3.3.4.jar;C:\Users\Rakes\.m2\repository\org\springframework\spring-orm\6.1.13\spring-orm-6.1.13.jar;C:\Users\Rakes\.m2\repository\org\springframework\spring-tx\6.1.13\spring-tx-6.1.13.jar;C:\Users\Rakes\.m2\repository\org\springframework\spring-aspects\6.1.13\spring-aspects-6.1.13.jar;C:\Users\Rakes\.m2\repository\org\projectlombok\lombok\1.18.34\lombok-1.18.34.jar;C:\Users\Rakes\.m2\repository\com\h2database\h2\2.2.224\h2-2.2.224.jar;C:\Users\Rakes\.m2\repository\org\springdoc\springdoc-openapi-ui\1.6.13\springdoc-openapi-ui-1.6.13.jar;C:\Users\Rakes\.m2\repository\org\springdoc\springdoc-openapi-webmvc-core\1.6.13\springdoc-openapi-webmvc-core-1.6.13.jar;C:\Users\Rakes\.m2\repository\org\springdoc\springdoc-openapi-common\1.6.13\springdoc-openapi-common-1.6.13.jar;C:\Users\Rakes\.m2\repository\io\swagger\core\v3\swagger-core\2.2.7\swagger-core-2.2.7.jar;C:\Users\Rakes\.m2\repository\org\apache\commons\commons-lang3\3.14.0\commons-lang3-3.14.0.jar;C:\Users\Rakes\.m2\repository\com\fasterxml\jackson\dataformat\jackson-dataformat-yaml\2.17.2\jackson-dataformat-yaml-2.17.2.jar;C:\Users\Rakes\.m2\repository\io\swagger\core\v3\swagger-annotations\2.2.7\swagger-annotations-2.2.7.jar;C:\Users\Rakes\.m2\repository\io\swagger\core\v3\swagger-models\2.2.7\swagger-models-2.2.7.jar;C:\Users\Rakes\.m2\repository\jakarta\validation\jakarta.validation-api\3.0.2\jakarta.validation-api-3.0.2.jar;C:\Users\Rakes\.m2\repository\org\webjars\swagger-ui\4.15.5\swagger-ui-4.15.5.jar;C:\Users\Rakes\.m2\repository\org\webjars\webjars-locator-core\0.58\webjars-locator-core-0.58.jar;C:\Users\Rakes\.m2\repository\com\fasterxml\jackson\core\jackson-core\2.17.2\jackson-core-2.17.2.jar;C:\Users\Rakes\.m2\repository\io\github\classgraph\classgraph\4.8.149\classgraph-4.8.149.jar;C:\Users\Rakes\.m2\repository\org\modelmapper\modelmapper\3.2.1\modelmapper-3.2.1.jar;C:\Users\Rakes\.m2\repository\jakarta\xml\bind\jakarta.xml.bind-api\4.0.2\jakarta.xml.bind-api-4.0.2.jar;C:\Users\Rakes\.m2\repository\jakarta\activation\jakarta.activation-api\2.1.3\jakarta.activation-api-2.1.3.jar;C:\Users\Rakes\.m2\repository\org\springframework\spring-core\6.1.13\spring-core-6.1.13.jar;C:\Users\Rakes\.m2\repository\org\springframework\spring-jcl\6.1.13\spring-jcl-6.1.13.jar
Launcher Type: SUN_STANDARD

[Global flags]
     intx CICompilerCount                          = 4                                         {product} {ergonomic}
     uint ConcGCThreads                            = 2                                         {product} {ergonomic}
     uint G1ConcRefinementThreads                  = 8                                         {product} {ergonomic}
   size_t G1HeapRegionSize                         = 1048576                                   {product} {ergonomic}
   size_t InitialHeapSize                          = 98566144                                  {product} {ergonomic}
     bool ManagementServer                         = true                                      {product} {command line}
   size_t MarkStackSize                            = 4194304                                   {product} {ergonomic}
   size_t MarkStackSizeMax                         = 536870912                                 {product} {ergonomic}
   size_t MaxHeapSize                              = 1572864000                                {product} {ergonomic}
   size_t MaxNewSize                               = 943718400                                 {product} {ergonomic}
   size_t MinHeapDeltaBytes                        = 1048576                                   {product} {ergonomic}
   size_t MinHeapSize                              = 8388608                                   {product} {ergonomic}
    uintx NonNMethodCodeHeapSize                   = 4096                                   {pd product} {ergonomic}
    uintx NonProfiledCodeHeapSize                  = 0                                      {pd product} {ergonomic}
     bool ProfileInterpreter                       = false                                  {pd product} {command line}
    uintx ProfiledCodeHeapSize                     = 0                                      {pd product} {ergonomic}
     bool ShowCodeDetailsInExceptionMessages       = true                                   {manageable} {command line}
   size_t SoftMaxHeapSize                          = 1572864000                             {manageable} {ergonomic}
     intx TieredStopAtLevel                        = 1                                         {product} {command line}
     bool UseCompressedOops                        = true                           {product lp64_product} {ergonomic}
     bool UseG1GC                                  = true                                      {product} {ergonomic}
     bool UseLargePagesIndividualAllocation        = false                                  {pd product} {ergonomic}

Logging:
Log output configuration:
 #0: stdout all=warning uptime,level,tags foldmultilines=false
 #1: stderr all=off uptime,level,tags foldmultilines=false

Environment Variables:
JAVA_HOME=C:\Program Files\Java\jdk-23
PATH=C:/Program Files/extracted softwares/sts-4.26.0.RELEASE//plugins/org.eclipse.justj.openjdk.hotspot.jre.full.win32.x86_64_21.0.4.v20240802-1551/jre/bin/server;C:/Program Files/extracted softwares/sts-4.26.0.RELEASE//plugins/org.eclipse.justj.openjdk.hotspot.jre.full.win32.x86_64_21.0.4.v20240802-1551/jre/bin;C:\Program Files\Common Files\Oracle\Java\javapath;C:\Windows\system32;C:\Windows;C:\Windows\System32\Wbem;C:\Windows\System32\WindowsPowerShell\v1.0\;C:\Windows\System32\OpenSSH\;C:\Program Files\Java\jdk-23\bin;C:\Program Files\apache-maven-3.9.9\bin;C:\Users\Rakes\AppData\Local\Microsoft\WindowsApps;;C:\Program Files\extracted softwares\sts-4.26.0.RELEASE;
USERNAME=Rakes
OS=Windows_NT
PROCESSOR_IDENTIFIER=AMD64 Family 25 Model 80 Stepping 0, AuthenticAMD
TMP=C:\Users\Rakes\AppData\Local\Temp
TEMP=C:\Users\Rakes\AppData\Local\Temp




Periodic native trim disabled

---------------  S Y S T E M  ---------------

OS:
 Windows 11 , 64 bit Build 22621 (10.0.22621.3958)
OS uptime: 3 days 14:00 hours
Hyper-V role detected

CPU: total 8 (initial active 8) (8 cores per cpu, 2 threads per core) family 25 model 80 stepping 0 microcode 0x0, cx8, cmov, fxsr, ht, mmx, 3dnowpref, sse, sse2, sse3, ssse3, sse4a, sse4.1, sse4.2, popcnt, lzcnt, tsc, tscinvbit, avx, avx2, aes, erms, clmul, bmi1, bmi2, adx, sha, fma, vzeroupper, clflush, clflushopt, hv, rdtscp, rdpid, fsrm, f16c, cet_ss
Processor Information for processor 0
  Max Mhz: 2301, Current Mhz: 1798, Mhz Limit: 2301
Processor Information for processor 1
  Max Mhz: 2301, Current Mhz: 1798, Mhz Limit: 2301
Processor Information for processor 2
  Max Mhz: 2301, Current Mhz: 1798, Mhz Limit: 2301
Processor Information for processor 3
  Max Mhz: 2301, Current Mhz: 1798, Mhz Limit: 2301
Processor Information for processor 4
  Max Mhz: 2301, Current Mhz: 1798, Mhz Limit: 2301
Processor Information for processor 5
  Max Mhz: 2301, Current Mhz: 2301, Mhz Limit: 2301
Processor Information for processor 6
  Max Mhz: 2301, Current Mhz: 1798, Mhz Limit: 2301
Processor Information for processor 7
  Max Mhz: 2301, Current Mhz: 1798, Mhz Limit: 2301

Memory: 4k page, system-wide physical 5996M (865M free)
TotalPageFile size 11372M (AvailPageFile size 2386M)
current process WorkingSet (physical memory assigned to process): 274M, peak: 274M
current process commit charge ("private bytes"): 315M, peak: 316M

vm_info: Java HotSpot(TM) 64-Bit Server VM (23.0.1+11-39) for windows-amd64 JRE (23.0.1+11-39), built on 2024-09-30T07:20:43Z with MS VC++ 17.6 (VS2022)

END.
